Log file open, 11/26/20 13:32:52
LogInit: Display: Running engine for game: MyProject
LogPlatformFile: Not using cached read wrapper
LogTaskGraph: Started task graph with 5 named threads and 47 total threads with 3 sets of task threads.
LogStats: Stats thread started at 0.172590
LogD3D11RHI: Loaded GFSDK_Aftermath_Lib.x64.dll
LogICUInternationalization: ICU TimeZone Detection - Raw Offset: +1:00, Platform Override: ''
LogPluginManager: Mounting plugin Paper2D
LogPluginManager: Mounting plugin AISupport
LogPluginManager: Mounting plugin LightPropagationVolume
LogPluginManager: Mounting plugin CameraShakePreviewer
LogPluginManager: Mounting plugin ActorLayerUtilities
LogPluginManager: Mounting plugin AnimationSharing
LogPluginManager: Mounting plugin CLionSourceCodeAccess
LogPluginManager: Mounting plugin CodeLiteSourceCodeAccess
LogPluginManager: Mounting plugin GitSourceControl
LogPluginManager: Mounting plugin KDevelopSourceCodeAccess
LogPluginManager: Mounting plugin NullSourceCodeAccess
LogPluginManager: Mounting plugin PerforceSourceControl
LogPluginManager: Mounting plugin PlasticSourceControl
LogPluginManager: Mounting plugin RiderSourceCodeAccess
LogPluginManager: Mounting plugin SubversionSourceControl
LogPluginManager: Mounting plugin UObjectPlugin
LogPluginManager: Mounting plugin VisualStudioCodeSourceCodeAccess
LogPluginManager: Mounting plugin VisualStudioSourceCodeAccess
LogPluginManager: Mounting plugin XCodeSourceCodeAccess
LogPluginManager: Mounting plugin AssetManagerEditor
LogPluginManager: Mounting plugin CryptoKeys
LogPluginManager: Mounting plugin CurveEditorTools
LogPluginManager: Mounting plugin DataValidation
LogPluginManager: Mounting plugin EditorScriptingUtilities
LogPluginManager: Mounting plugin FacialAnimation
LogPluginManager: Mounting plugin GameplayTagsEditor
LogPluginManager: Mounting plugin GeometryMode
LogPluginManager: Mounting plugin MacGraphicsSwitching
LogPluginManager: Mounting plugin MaterialAnalyzer
LogPluginManager: Mounting plugin MobileLauncherProfileWizard
LogPluginManager: Mounting plugin PluginBrowser
LogPluginManager: Mounting plugin SpeedTreeImporter
LogPluginManager: Mounting plugin DatasmithContent
LogPluginManager: Mounting plugin VariantManagerContent
LogPluginManager: Mounting plugin AlembicImporter
LogPluginManager: Mounting plugin AutomationUtils
LogPluginManager: Mounting plugin BackChannel
LogPluginManager: Mounting plugin ChaosCloth
LogPluginManager: Mounting plugin ChaosClothEditor
LogPluginManager: Mounting plugin ChaosEditor
LogPluginManager: Mounting plugin ChaosNiagara
LogPluginManager: Mounting plugin ChaosSolverPlugin
LogPluginManager: Mounting plugin CharacterAI
LogPluginManager: Mounting plugin GeometryCache
LogPluginManager: Mounting plugin GeometryCollectionPlugin
LogPluginManager: Mounting plugin GeometryProcessing
LogPluginManager: Mounting plugin PlanarCut
LogPluginManager: Mounting plugin PlatformCrypto
LogPluginManager: Mounting plugin ProxyLODPlugin
LogPluginManager: Mounting plugin SkeletalReduction
LogPluginManager: Mounting plugin Niagara
LogPluginManager: Mounting plugin MagicLeap
LogPluginManager: Mounting plugin MagicLeapLightEstimation
LogPluginManager: Mounting plugin MagicLeapMedia
LogPluginManager: Mounting plugin MagicLeapPassableWorld
LogPluginManager: Mounting plugin MLSDK
LogPluginManager: Mounting plugin AndroidMedia
LogPluginManager: Mounting plugin AvfMedia
LogPluginManager: Mounting plugin ImgMedia
LogPluginManager: Mounting plugin MediaCompositing
LogPluginManager: Mounting plugin MediaPlayerEditor
LogPluginManager: Mounting plugin WebMMedia
LogPluginManager: Mounting plugin WmfMedia
LogPluginManager: Mounting plugin MeshPainting
LogPluginManager: Mounting plugin TcpMessaging
LogPluginManager: Mounting plugin UdpMessaging
LogPluginManager: Mounting plugin ActorSequence
LogPluginManager: Mounting plugin LevelSequenceEditor
LogPluginManager: Mounting plugin MatineeToLevelSequence
LogPluginManager: Mounting plugin MovieRenderPipeline
LogPluginManager: Mounting plugin TemplateSequence
LogPluginManager: Mounting plugin NetcodeUnitTest
LogPluginManager: Mounting plugin NUTUnrealEngine4
LogPluginManager: Mounting plugin OnlineSubsystemGooglePlay
LogPluginManager: Mounting plugin OnlineSubsystemIOS
LogPluginManager: Mounting plugin OnlineSubsystem
LogPluginManager: Mounting plugin OnlineSubsystemNull
LogPluginManager: Mounting plugin OnlineSubsystemUtils
LogPluginManager: Mounting plugin LauncherChunkInstaller
LogPluginManager: Mounting plugin AndroidDeviceProfileSelector
LogPluginManager: Mounting plugin AndroidMoviePlayer
LogPluginManager: Mounting plugin AndroidPermission
LogPluginManager: Mounting plugin AppleImageUtils
LogPluginManager: Mounting plugin AppleMoviePlayer
LogPluginManager: Mounting plugin ArchVisCharacter
LogPluginManager: Mounting plugin AssetTags
LogPluginManager: Mounting plugin AudioCapture
LogPluginManager: Mounting plugin CableComponent
LogPluginManager: Mounting plugin CustomMeshComponent
LogPluginManager: Mounting plugin EditableMesh
LogPluginManager: Mounting plugin ExampleDeviceProfileSelector
LogPluginManager: Mounting plugin GoogleCloudMessaging
LogPluginManager: Mounting plugin GooglePAD
LogPluginManager: Mounting plugin IOSDeviceProfileSelector
LogPluginManager: Mounting plugin LinuxDeviceProfileSelector
LogPluginManager: Mounting plugin LocationServicesBPLibrary
LogPluginManager: Mounting plugin MobilePatchingUtils
LogPluginManager: Mounting plugin OculusVR
LogPluginManager: Mounting plugin PhysXVehicles
LogPluginManager: Mounting plugin PostSplashScreen
LogPluginManager: Mounting plugin ProceduralMeshComponent
LogPluginManager: Mounting plugin RuntimePhysXCooking
LogPluginManager: Mounting plugin SignificanceManager
LogPluginManager: Mounting plugin SoundFields
LogPluginManager: Mounting plugin SteamVR
LogPluginManager: Mounting plugin Synthesis
LogPluginManager: Mounting plugin WebMMoviePlayer
LogPluginManager: Mounting plugin WindowsMoviePlayer
LogPluginManager: Mounting plugin ScreenshotTools
LogInit: Using libcurl 7.55.1-DEV
LogInit:  - built for x86_64-pc-win32
LogInit:  - supports SSL with OpenSSL/1.1.1
LogInit:  - supports HTTP deflate (compression) using libz 1.2.8
LogInit:  - other features:
LogInit:      CURL_VERSION_SSL
LogInit:      CURL_VERSION_LIBZ
LogInit:      CURL_VERSION_IPV6
LogInit:      CURL_VERSION_ASYNCHDNS
LogInit:      CURL_VERSION_LARGEFILE
LogInit:      CURL_VERSION_IDN
LogInit:  CurlRequestOptions (configurable via config and command line):
LogInit:  - bVerifyPeer = true  - Libcurl will verify peer certificate
LogInit:  - bUseHttpProxy = false  - Libcurl will NOT use HTTP proxy
LogInit:  - bDontReuseConnections = false  - Libcurl will reuse connections
LogInit:  - MaxHostConnections = 16  - Libcurl will limit the number of connections to a host
LogInit:  - LocalHostAddr = Default
LogInit:  - BufferSize = 65536
LogOnline: OSS: Creating online subsystem instance for: NULL
LogInit: WinSock: version 1.1 (2.2), MaxSocks=32767, MaxUdp=65467
LogOnline: OSS: TryLoadSubsystemAndSetDefault: Loaded subsystem for module [NULL]
LogInit: Build: ++UE4+Release-4.25-CL-14469661
LogInit: Engine Version: 4.25.4-14469661+++UE4+Release-4.25
LogInit: Compatible Engine Version: 4.25.0-13144385+++UE4+Release-4.25
LogInit: Net CL: 13144385
LogInit: OS: Windows 10 (Release 2009) (), CPU: Intel(R) Core(TM) i7-7820X CPU @ 3.60GHz, GPU: NVIDIA GeForce RTX 2080 Ti
LogInit: Compiled (64-bit): Oct 11 2020 08:10:49
LogInit: Compiled with Visual C++: 19.24.28315.00
LogInit: Build Configuration: Development
LogInit: Branch Name: ++UE4+Release-4.25
LogInit: Command Line:  -EpicPortal -epicusername=moonlight377 -epicuserid=bd8e7c73791a4f31b43aaa50589df25f -epiclocale=en
LogInit: Base Directory: C:/Program Files/Epic Games/UE_4.25/Engine/Binaries/Win64/
LogInit: Allocator: TBB
LogInit: Installed Engine Build: 1
LogDevObjectVersion: Number of dev versions registered: 26
LogDevObjectVersion:   Dev-Blueprints (B0D832E4-1F89-4F0D-ACCF-7EB736FD4AA2): 10
LogDevObjectVersion:   Dev-Build (E1C64328-A22C-4D53-A36C-8E866417BD8C): 0
LogDevObjectVersion:   Dev-Core (375EC13C-06E4-48FB-B500-84F0262A717E): 4
LogDevObjectVersion:   Dev-Editor (E4B068ED-F494-42E9-A231-DA0B2E46BB41): 38
LogDevObjectVersion:   Dev-Framework (CFFC743F-43B0-4480-9391-14DF171D2073): 37
LogDevObjectVersion:   Dev-Mobile (B02B49B5-BB20-44E9-A304-32B752E40360): 2
LogDevObjectVersion:   Dev-Networking (A4E4105C-59A1-49B5-A7C5-40C4547EDFEE): 0
LogDevObjectVersion:   Dev-Online (39C831C9-5AE6-47DC-9A44-9C173E1C8E7C): 0
LogDevObjectVersion:   Dev-Physics (78F01B33-EBEA-4F98-B9B4-84EACCB95AA2): 4
LogDevObjectVersion:   Dev-Platform (6631380F-2D4D-43E0-8009-CF276956A95A): 0
LogDevObjectVersion:   Dev-Rendering (12F88B9F-8875-4AFC-A67C-D90C383ABD29): 43
LogDevObjectVersion:   Dev-Sequencer (7B5AE74C-D270-4C10-A958-57980B212A5A): 12
LogDevObjectVersion:   Dev-VR (D7296918-1DD6-4BDD-9DE2-64A83CC13884): 3
LogDevObjectVersion:   Dev-LoadTimes (C2A15278-BFE7-4AFE-6C17-90FF531DF755): 1
LogDevObjectVersion:   Private-Geometry (6EACA3D4-40EC-4CC1-B786-8BED09428FC5): 3
LogDevObjectVersion:   Dev-AnimPhys (29E575DD-E0A3-4627-9D10-D276232CDCEA): 17
LogDevObjectVersion:   Dev-Anim (AF43A65D-7FD3-4947-9873-3E8ED9C1BB05): 7
LogDevObjectVersion:   Dev-ReflectionCapture (6B266CEC-1EC7-4B8F-A30B-E4D90942FC07): 1
LogDevObjectVersion:   Dev-Automation (0DF73D61-A23F-47EA-B727-89E90C41499A): 1
LogDevObjectVersion:   FortniteMain (601D1886-AC64-4F84-AA16-D3DE0DEAC7D6): 31
LogDevObjectVersion:   Dev-Enterprise (9DFFBCD6-494F-0158-E221-12823C92A888): 10
LogDevObjectVersion:   Dev-Niagara (F2AED0AC-9AFE-416F-8664-AA7FFA26D6FC): 1
LogDevObjectVersion:   Dev-Destruction (174F1F0B-B4C6-45A5-B13F-2EE8D0FB917D): 10
LogDevObjectVersion:   Dev-Physics-Ext (35F94A83-E258-406C-A318-09F59610247C): 37
LogDevObjectVersion:   Dev-PhysicsMaterial-Chaos (B68FC16E-8B1B-42E2-B453-215C058844FE): 1
LogDevObjectVersion:   Dev-CineCamera (B2E18506-4273-CFC2-A54E-F4BB758BBA07): 1
LogInit: Presizing for max 25165824 objects, including 0 objects not considered by GC, pre-allocating 0 bytes for permanent pool.
LogConfig: Applying CVar settings from Section [/Script/Engine.StreamingSettings] File [C:/Users/Student 2020/Documents/GitHub/Shader/Saved/Config/Windows/Engine.ini]
LogConfig: Setting CVar [[s.MinBulkDataSizeForAsyncLoading:131072]]
LogConfig: Setting CVar [[s.AsyncLoadingThreadEnabled:0]]
LogConfig: Setting CVar [[s.EventDrivenLoaderEnabled:1]]
LogConfig: Setting CVar [[s.WarnIfTimeLimitExceeded:0]]
LogConfig: Setting CVar [[s.TimeLimitExceededMultiplier:1.5]]
LogConfig: Setting CVar [[s.TimeLimitExceededMinTime:0.005]]
LogConfig: Setting CVar [[s.UseBackgroundLevelStreaming:1]]
LogConfig: Setting CVar [[s.PriorityAsyncLoadingExtraTime:15.0]]
LogConfig: Setting CVar [[s.LevelStreamingActorsUpdateTimeLimit:5.0]]
LogConfig: Setting CVar [[s.PriorityLevelStreamingActorsUpdateExtraTime:5.0]]
LogConfig: Setting CVar [[s.LevelStreamingComponentsRegistrationGranularity:10]]
LogConfig: Setting CVar [[s.UnregisterComponentsTimeLimit:1.0]]
LogConfig: Setting CVar [[s.LevelStreamingComponentsUnregistrationGranularity:5]]
LogConfig: Setting CVar [[s.FlushStreamingOnExit:1]]
LogInit: Object subsystem initialized
LogConfig: Setting CVar [[con.DebugEarlyDefault:1]]
LogConfig: Setting CVar [[r.setres:1280x720]]
[2020.11.26-12.32.52:854][  0]LogConfig: Setting CVar [[r.VSync:0]]
[2020.11.26-12.32.52:854][  0]LogConfig: Setting CVar [[r.RHICmdBypass:0]]
[2020.11.26-12.32.52:854][  0]LogConfig: Applying CVar settings from Section [/Script/Engine.RendererSettings] File [C:/Users/Student 2020/Documents/GitHub/Shader/Saved/Config/Windows/Engine.ini]
[2020.11.26-12.32.52:854][  0]LogConfig: Setting CVar [[r.GPUCrashDebugging:0]]
[2020.11.26-12.32.52:854][  0]LogConfig: Setting CVar [[r.DefaultFeature.AmbientOcclusion:0]]
[2020.11.26-12.32.52:854][  0]LogConfig: Setting CVar [[r.DefaultFeature.AmbientOcclusionStaticFraction:0]]
[2020.11.26-12.32.52:854][  0]LogConfig: Setting CVar [[vr.InstancedStereo:1]]
[2020.11.26-12.32.52:854][  0]LogConfig: Setting CVar [[r.SeparateTranslucency:0]]
[2020.11.26-12.32.52:854][  0]LogConfig: Setting CVar [[r.HZBOcclusion:0]]
[2020.11.26-12.32.52:854][  0]LogConfig: Setting CVar [[r.SSR.MaxRoughness:0]]
[2020.11.26-12.32.52:854][  0]LogConfig: Setting CVar [[r.rhicmdbypass:0]]
[2020.11.26-12.32.52:854][  0]LogConfig: Setting CVar [[r.GenerateMeshDistanceFields:1]]
[2020.11.26-12.32.52:854][  0]LogConfig: Setting CVar [[r.DistanceFieldBuild.EightBit:0]]
[2020.11.26-12.32.52:855][  0]LogConfig: Setting CVar [[r.DistanceFieldBuild.Compress:1]]
[2020.11.26-12.32.52:855][  0]LogConfig: Applying CVar settings from Section [/Script/Engine.RendererOverrideSettings] File [C:/Users/Student 2020/Documents/GitHub/Shader/Saved/Config/Windows/Engine.ini]
[2020.11.26-12.32.52:855][  0]LogConfig: Applying CVar settings from Section [/Script/Engine.StreamingSettings] File [C:/Users/Student 2020/Documents/GitHub/Shader/Saved/Config/Windows/Engine.ini]
[2020.11.26-12.32.52:855][  0]LogConfig: Setting CVar [[s.MinBulkDataSizeForAsyncLoading:131072]]
[2020.11.26-12.32.52:855][  0]LogConfig: Setting CVar [[s.AsyncLoadingThreadEnabled:0]]
[2020.11.26-12.32.52:855][  0]LogConfig: Setting CVar [[s.EventDrivenLoaderEnabled:1]]
[2020.11.26-12.32.52:855][  0]LogConfig: Setting CVar [[s.WarnIfTimeLimitExceeded:0]]
[2020.11.26-12.32.52:855][  0]LogConfig: Setting CVar [[s.TimeLimitExceededMultiplier:1.5]]
[2020.11.26-12.32.52:855][  0]LogConfig: Setting CVar [[s.TimeLimitExceededMinTime:0.005]]
[2020.11.26-12.32.52:855][  0]LogConfig: Setting CVar [[s.UseBackgroundLevelStreaming:1]]
[2020.11.26-12.32.52:855][  0]LogConfig: Setting CVar [[s.PriorityAsyncLoadingExtraTime:15.0]]
[2020.11.26-12.32.52:855][  0]LogConfig: Setting CVar [[s.LevelStreamingActorsUpdateTimeLimit:5.0]]
[2020.11.26-12.32.52:855][  0]LogConfig: Setting CVar [[s.PriorityLevelStreamingActorsUpdateExtraTime:5.0]]
[2020.11.26-12.32.52:855][  0]LogConfig: Setting CVar [[s.LevelStreamingComponentsRegistrationGranularity:10]]
[2020.11.26-12.32.52:855][  0]LogConfig: Setting CVar [[s.UnregisterComponentsTimeLimit:1.0]]
[2020.11.26-12.32.52:855][  0]LogConfig: Setting CVar [[s.LevelStreamingComponentsUnregistrationGranularity:5]]
[2020.11.26-12.32.52:855][  0]LogConfig: Setting CVar [[s.FlushStreamingOnExit:1]]
[2020.11.26-12.32.52:855][  0]LogConfig: Applying CVar settings from Section [/Script/Engine.GarbageCollectionSettings] File [C:/Users/Student 2020/Documents/GitHub/Shader/Saved/Config/Windows/Engine.ini]
[2020.11.26-12.32.52:855][  0]LogConfig: Setting CVar [[gc.MaxObjectsNotConsideredByGC:1]]
[2020.11.26-12.32.52:855][  0]LogConfig: Setting CVar [[gc.SizeOfPermanentObjectPool:0]]
[2020.11.26-12.32.52:855][  0]LogConfig: Setting CVar [[gc.FlushStreamingOnGC:0]]
[2020.11.26-12.32.52:855][  0]LogConfig: Setting CVar [[gc.NumRetriesBeforeForcingGC:10]]
[2020.11.26-12.32.52:855][  0]LogConfig: Setting CVar [[gc.AllowParallelGC:1]]
[2020.11.26-12.32.52:855][  0]LogConfig: Setting CVar [[gc.TimeBetweenPurgingPendingKillObjects:61.1]]
[2020.11.26-12.32.52:855][  0]LogConfig: Setting CVar [[gc.MaxObjectsInEditor:25165824]]
[2020.11.26-12.32.52:855][  0]LogConfig: Setting CVar [[gc.IncrementalBeginDestroyEnabled:1]]
[2020.11.26-12.32.52:855][  0]LogConfig: Setting CVar [[gc.CreateGCClusters:1]]
[2020.11.26-12.32.52:855][  0]LogConfig: Setting CVar [[gc.MinGCClusterSize:5]]
[2020.11.26-12.32.52:855][  0]LogConfig: Setting CVar [[gc.ActorClusteringEnabled:0]]
[2020.11.26-12.32.52:855][  0]LogConfig: Setting CVar [[gc.BlueprintClusteringEnabled:0]]
[2020.11.26-12.32.52:855][  0]LogConfig: Setting CVar [[gc.UseDisregardForGCOnDedicatedServers:0]]
[2020.11.26-12.32.52:855][  0]LogConfig: Applying CVar settings from Section [/Script/Engine.NetworkSettings] File [C:/Users/Student 2020/Documents/GitHub/Shader/Saved/Config/Windows/Engine.ini]
[2020.11.26-12.32.52:855][  0]LogConfig: Applying CVar settings from Section [/Script/UnrealEd.CookerSettings] File [C:/Users/Student 2020/Documents/GitHub/Shader/Saved/Config/Windows/Engine.ini]
[2020.11.26-12.32.52:857][  0]LogConfig: Applying CVar settings from Section [ViewDistanceQuality@3] File [C:/Users/Student 2020/Documents/GitHub/Shader/Saved/Config/Windows/Scalability.ini]
[2020.11.26-12.32.52:857][  0]LogConfig: Setting CVar [[r.SkeletalMeshLODBias:0]]
[2020.11.26-12.32.52:857][  0]LogConfig: Setting CVar [[r.ViewDistanceScale:1.0]]
[2020.11.26-12.32.52:857][  0]LogConfig: Applying CVar settings from Section [AntiAliasingQuality@3] File [C:/Users/Student 2020/Documents/GitHub/Shader/Saved/Config/Windows/Scalability.ini]
[2020.11.26-12.32.52:857][  0]LogConfig: Setting CVar [[r.PostProcessAAQuality:3]]
[2020.11.26-12.32.52:857][  0]LogConfig: Applying CVar settings from Section [ShadowQuality@3] File [C:/Users/Student 2020/Documents/GitHub/Shader/Saved/Config/Windows/Scalability.ini]
[2020.11.26-12.32.52:857][  0]LogConfig: Setting CVar [[r.LightFunctionQuality:1]]
[2020.11.26-12.32.52:857][  0]LogConfig: Setting CVar [[r.ShadowQuality:5]]
[2020.11.26-12.32.52:857][  0]LogConfig: Setting CVar [[r.Shadow.CSM.MaxCascades:10]]
[2020.11.26-12.32.52:857][  0]LogConfig: Setting CVar [[r.Shadow.MaxResolution:2048]]
[2020.11.26-12.32.52:857][  0]LogConfig: Setting CVar [[r.Shadow.MaxCSMResolution:2048]]
[2020.11.26-12.32.52:857][  0]LogConfig: Setting CVar [[r.Shadow.RadiusThreshold:0.01]]
[2020.11.26-12.32.52:857][  0]LogConfig: Setting CVar [[r.Shadow.DistanceScale:1.0]]
[2020.11.26-12.32.52:857][  0]LogConfig: Setting CVar [[r.Shadow.CSM.TransitionScale:1.0]]
[2020.11.26-12.32.52:857][  0]LogConfig: Setting CVar [[r.Shadow.PreShadowResolutionFactor:1.0]]
[2020.11.26-12.32.52:857][  0]LogConfig: Setting CVar [[r.DistanceFieldShadowing:1]]
[2020.11.26-12.32.52:857][  0]LogConfig: Setting CVar [[r.DistanceFieldAO:1]]
[2020.11.26-12.32.52:857][  0]LogConfig: Setting CVar [[r.AOQuality:2]]
[2020.11.26-12.32.52:857][  0]LogConfig: Setting CVar [[r.VolumetricFog:1]]
[2020.11.26-12.32.52:857][  0]LogConfig: Setting CVar [[r.VolumetricFog.GridPixelSize:8]]
[2020.11.26-12.32.52:857][  0]LogConfig: Setting CVar [[r.VolumetricFog.GridSizeZ:128]]
[2020.11.26-12.32.52:857][  0]LogConfig: Setting CVar [[r.VolumetricFog.HistoryMissSupersampleCount:4]]
[2020.11.26-12.32.52:857][  0]LogConfig: Setting CVar [[r.LightMaxDrawDistanceScale:1]]
[2020.11.26-12.32.52:858][  0]LogConfig: Setting CVar [[r.CapsuleShadows:1]]
[2020.11.26-12.32.52:858][  0]LogConfig: Applying CVar settings from Section [PostProcessQuality@3] File [C:/Users/Student 2020/Documents/GitHub/Shader/Saved/Config/Windows/Scalability.ini]
[2020.11.26-12.32.52:858][  0]LogConfig: Setting CVar [[r.MotionBlurQuality:0]]
[2020.11.26-12.32.52:858][  0]LogConfig: Setting CVar [[r.AmbientOcclusionMipLevelFactor:0.4]]
[2020.11.26-12.32.52:858][  0]LogConfig: Setting CVar [[r.AmbientOcclusionMaxQuality:100]]
[2020.11.26-12.32.52:858][  0]LogConfig: Setting CVar [[r.AmbientOcclusionLevels:0]]
[2020.11.26-12.32.52:858][  0]LogConfig: Setting CVar [[r.AmbientOcclusionRadiusScale:1.0]]
[2020.11.26-12.32.52:858][  0]LogConfig: Setting CVar [[r.DepthOfFieldQuality:0]]
[2020.11.26-12.32.52:858][  0]LogConfig: Setting CVar [[r.RenderTargetPoolMin:400]]
[2020.11.26-12.32.52:858][  0]LogConfig: Setting CVar [[r.LensFlareQuality:0]]
[2020.11.26-12.32.52:858][  0]LogConfig: Setting CVar [[r.SceneColorFringeQuality:0]]
[2020.11.26-12.32.52:858][  0]LogConfig: Setting CVar [[r.EyeAdaptationQuality:2]]
[2020.11.26-12.32.52:858][  0]LogConfig: Setting CVar [[r.BloomQuality:1]]
[2020.11.26-12.32.52:858][  0]LogConfig: Setting CVar [[r.FastBlurThreshold:0]]
[2020.11.26-12.32.52:858][  0]LogConfig: Setting CVar [[r.Upscale.Quality:3]]
[2020.11.26-12.32.52:858][  0]LogConfig: Setting CVar [[r.Tonemapper.GrainQuantization:1]]
[2020.11.26-12.32.52:858][  0]LogConfig: Setting CVar [[r.LightShaftQuality:1]]
[2020.11.26-12.32.52:858][  0]LogConfig: Setting CVar [[r.Filter.SizeScale:1]]
[2020.11.26-12.32.52:858][  0]LogConfig: Setting CVar [[r.Tonemapper.Quality:5]]
[2020.11.26-12.32.52:858][  0]LogConfig: Setting CVar [[r.DOF.Gather.AccumulatorQuality:1        ; higher gathering accumulator quality]]
[2020.11.26-12.32.52:858][  0]LogConfig: Setting CVar [[r.DOF.Gather.PostfilterMethod:1          ; Median3x3 postfilering method]]
[2020.11.26-12.32.52:858][  0]LogConfig: Setting CVar [[r.DOF.Gather.EnableBokehSettings:0       ; no bokeh simulation when gathering]]
[2020.11.26-12.32.52:858][  0]LogConfig: Setting CVar [[r.DOF.Gather.RingCount:4                 ; medium number of samples when gathering]]
[2020.11.26-12.32.52:858][  0]LogConfig: Setting CVar [[r.DOF.Scatter.ForegroundCompositing:1    ; additive foreground scattering]]
[2020.11.26-12.32.52:858][  0]LogConfig: Setting CVar [[r.DOF.Scatter.BackgroundCompositing:2    ; additive background scattering]]
[2020.11.26-12.32.52:858][  0]LogConfig: Setting CVar [[r.DOF.Scatter.EnableBokehSettings:1      ; bokeh simulation when scattering]]
[2020.11.26-12.32.52:858][  0]LogConfig: Setting CVar [[r.DOF.Scatter.MaxSpriteRatio:0.1         ; only a maximum of 10% of scattered bokeh]]
[2020.11.26-12.32.52:858][  0]LogConfig: Setting CVar [[r.DOF.Recombine.Quality:1                ; cheap slight out of focus]]
[2020.11.26-12.32.52:858][  0]LogConfig: Setting CVar [[r.DOF.Recombine.EnableBokehSettings:0    ; no bokeh simulation on slight out of focus]]
[2020.11.26-12.32.52:858][  0]LogConfig: Setting CVar [[r.DOF.TemporalAAQuality:1                ; more stable temporal accumulation]]
[2020.11.26-12.32.52:858][  0]LogConfig: Setting CVar [[r.DOF.Kernel.MaxForegroundRadius:0.025]]
[2020.11.26-12.32.52:858][  0]LogConfig: Setting CVar [[r.DOF.Kernel.MaxBackgroundRadius:0.025]]
[2020.11.26-12.32.52:858][  0]LogConfig: Applying CVar settings from Section [TextureQuality@3] File [C:/Users/Student 2020/Documents/GitHub/Shader/Saved/Config/Windows/Scalability.ini]
[2020.11.26-12.32.52:858][  0]LogConfig: Setting CVar [[r.Streaming.MipBias:0]]
[2020.11.26-12.32.52:858][  0]LogConfig: Setting CVar [[r.Streaming.AmortizeCPUToGPUCopy:0]]
[2020.11.26-12.32.52:858][  0]LogConfig: Setting CVar [[r.Streaming.MaxNumTexturesToStreamPerFrame:0]]
[2020.11.26-12.32.52:858][  0]LogConfig: Setting CVar [[r.Streaming.Boost:1]]
[2020.11.26-12.32.52:858][  0]LogConfig: Setting CVar [[r.MaxAnisotropy:8]]
[2020.11.26-12.32.52:858][  0]LogConfig: Setting CVar [[r.VT.MaxAnisotropy:8]]
[2020.11.26-12.32.52:858][  0]LogConfig: Setting CVar [[r.Streaming.LimitPoolSizeToVRAM:0]]
[2020.11.26-12.32.52:858][  0]LogConfig: Setting CVar [[r.Streaming.PoolSize:1000]]
[2020.11.26-12.32.52:858][  0]LogConfig: Setting CVar [[r.Streaming.MaxEffectiveScreenSize:0]]
[2020.11.26-12.32.52:858][  0]LogConfig: Applying CVar settings from Section [EffectsQuality@3] File [C:/Users/Student 2020/Documents/GitHub/Shader/Saved/Config/Windows/Scalability.ini]
[2020.11.26-12.32.52:858][  0]LogConfig: Setting CVar [[r.TranslucencyLightingVolumeDim:4]]
[2020.11.26-12.32.52:858][  0]LogConfig: Setting CVar [[r.RefractionQuality:2]]
[2020.11.26-12.32.52:858][  0]LogConfig: Setting CVar [[r.SSR.Quality:0]]
[2020.11.26-12.32.52:858][  0]LogConfig: Setting CVar [[r.SSR.HalfResSceneColor:0]]
[2020.11.26-12.32.52:858][  0]LogConfig: Setting CVar [[r.SceneColorFormat:2]]
[2020.11.26-12.32.52:858][  0]LogConfig: Setting CVar [[r.DetailMode:2]]
[2020.11.26-12.32.52:858][  0]LogConfig: Setting CVar [[r.TranslucencyVolumeBlur:0]]
[2020.11.26-12.32.52:858][  0]LogConfig: Setting CVar [[r.MaterialQualityLevel:1 ; High quality]]
[2020.11.26-12.32.52:858][  0]LogConfig: Setting CVar [[r.SSS.Scale:1]]
[2020.11.26-12.32.52:858][  0]LogConfig: Setting CVar [[r.SSS.SampleSet:2]]
[2020.11.26-12.32.52:858][  0]LogConfig: Setting CVar [[r.SSS.Quality:1]]
[2020.11.26-12.32.52:858][  0]LogConfig: Setting CVar [[r.SSS.HalfRes:0]]
[2020.11.26-12.32.52:858][  0]LogConfig: Setting CVar [[r.SSGI.Quality:3]]
[2020.11.26-12.32.52:858][  0]LogConfig: Setting CVar [[r.EmitterSpawnRateScale:1.0]]
[2020.11.26-12.32.52:858][  0]LogConfig: Setting CVar [[r.ParticleLightQuality:2]]
[2020.11.26-12.32.52:858][  0]LogConfig: Setting CVar [[r.SkyAtmosphere.AerialPerspectiveLUT.FastApplyOnOpaque:1 ; Always have FastSkyLUT 1 in this case to avoid wrong sky]]
[2020.11.26-12.32.52:858][  0]LogConfig: Setting CVar [[r.SkyAtmosphere.AerialPerspectiveLUT.SampleCountPerSlice:1]]
[2020.11.26-12.32.52:858][  0]LogConfig: Setting CVar [[r.SkyAtmosphere.AerialPerspectiveLUT.DepthResolution:16.0]]
[2020.11.26-12.32.52:858][  0]LogConfig: Setting CVar [[r.SkyAtmosphere.FastSkyLUT:1]]
[2020.11.26-12.32.52:858][  0]LogConfig: Setting CVar [[r.SkyAtmosphere.FastSkyLUT.SampleCountMin:4.0]]
[2020.11.26-12.32.52:858][  0]LogConfig: Setting CVar [[r.SkyAtmosphere.FastSkyLUT.SampleCountMax:32.0]]
[2020.11.26-12.32.52:858][  0]LogConfig: Setting CVar [[r.SkyAtmosphere.SampleCountMin:4.0]]
[2020.11.26-12.32.52:858][  0]LogConfig: Setting CVar [[r.SkyAtmosphere.SampleCountMax:32.0]]
[2020.11.26-12.32.52:858][  0]LogConfig: Setting CVar [[r.SkyAtmosphere.TransmittanceLUT.UseSmallFormat:0]]
[2020.11.26-12.32.52:858][  0]LogConfig: Setting CVar [[r.SkyAtmosphere.TransmittanceLUT.SampleCount:10.0]]
[2020.11.26-12.32.52:858][  0]LogConfig: Setting CVar [[r.SkyAtmosphere.MultiScatteringLUT.SampleCount:15.0]]
[2020.11.26-12.32.52:858][  0]LogConfig: Applying CVar settings from Section [FoliageQuality@3] File [C:/Users/Student 2020/Documents/GitHub/Shader/Saved/Config/Windows/Scalability.ini]
[2020.11.26-12.32.52:858][  0]LogConfig: Setting CVar [[foliage.DensityScale:1.0]]
[2020.11.26-12.32.52:858][  0]LogConfig: Setting CVar [[grass.DensityScale:1.0]]
[2020.11.26-12.32.52:858][  0]LogConfig: Applying CVar settings from Section [ShadingQuality@3] File [C:/Users/Student 2020/Documents/GitHub/Shader/Saved/Config/Windows/Scalability.ini]
[2020.11.26-12.32.52:858][  0]LogConfig: Setting CVar [[r.HairStrands.SkyLighting.SampleCount:16]]
[2020.11.26-12.32.52:858][  0]LogConfig: Setting CVar [[r.HairStrands.SkyLighting.JitterIntegration:0]]
[2020.11.26-12.32.52:858][  0]LogConfig: Setting CVar [[r.HairStrands.SkyAO.SampleCount:16]]
[2020.11.26-12.32.52:858][  0]LogConfig: Setting CVar [[r.HairStrands.DeepShadow.SuperSampling:0]]
[2020.11.26-12.32.52:858][  0]LogConfig: Setting CVar [[r.HairStrands.VisibilityPPLL:0]]
[2020.11.26-12.32.52:858][  0]LogConfig: Setting CVar [[r.HairStrands.RasterizationScale:0.5]]
[2020.11.26-12.32.52:858][  0]LogConfig: Setting CVar [[r.HairStrands.VelocityRasterizationScale:1]]
[2020.11.26-12.32.52:858][  0]LogInit: Selected Device Profile: [Windows]
[2020.11.26-12.32.52:858][  0]LogInit: Applying CVar settings loaded from the selected device profile: [Windows]
[2020.11.26-12.32.52:859][  0]LogHAL: Display: Platform has ~ 64 GB [68423581696 / 68719476736 / 64], which maps to Largest [LargestMinGB=32, LargerMinGB=12, DefaultMinGB=8, SmallerMinGB=6, SmallestMinGB=0)
[2020.11.26-12.32.52:859][  0]LogInit: Going up to parent DeviceProfile []
[2020.11.26-12.32.52:859][  0]LogConfig: Applying CVar settings from Section [ViewDistanceQuality@3] File [C:/Users/Student 2020/Documents/GitHub/Shader/Saved/Config/Windows/Scalability.ini]
[2020.11.26-12.32.52:859][  0]LogConfig: Setting CVar [[r.SkeletalMeshLODBias:0]]
[2020.11.26-12.32.52:859][  0]LogConfig: Setting CVar [[r.ViewDistanceScale:1.0]]
[2020.11.26-12.32.52:859][  0]LogConfig: Applying CVar settings from Section [AntiAliasingQuality@3] File [C:/Users/Student 2020/Documents/GitHub/Shader/Saved/Config/Windows/Scalability.ini]
[2020.11.26-12.32.52:859][  0]LogConfig: Setting CVar [[r.PostProcessAAQuality:3]]
[2020.11.26-12.32.52:859][  0]LogConfig: Applying CVar settings from Section [ShadowQuality@3] File [C:/Users/Student 2020/Documents/GitHub/Shader/Saved/Config/Windows/Scalability.ini]
[2020.11.26-12.32.52:859][  0]LogConfig: Setting CVar [[r.LightFunctionQuality:1]]
[2020.11.26-12.32.52:859][  0]LogConfig: Setting CVar [[r.ShadowQuality:5]]
[2020.11.26-12.32.52:859][  0]LogConfig: Setting CVar [[r.Shadow.CSM.MaxCascades:10]]
[2020.11.26-12.32.52:859][  0]LogConfig: Setting CVar [[r.Shadow.MaxResolution:2048]]
[2020.11.26-12.32.52:859][  0]LogConfig: Setting CVar [[r.Shadow.MaxCSMResolution:2048]]
[2020.11.26-12.32.52:859][  0]LogConfig: Setting CVar [[r.Shadow.RadiusThreshold:0.01]]
[2020.11.26-12.32.52:859][  0]LogConfig: Setting CVar [[r.Shadow.DistanceScale:1.0]]
[2020.11.26-12.32.52:859][  0]LogConfig: Setting CVar [[r.Shadow.CSM.TransitionScale:1.0]]
[2020.11.26-12.32.52:859][  0]LogConfig: Setting CVar [[r.Shadow.PreShadowResolutionFactor:1.0]]
[2020.11.26-12.32.52:859][  0]LogConfig: Setting CVar [[r.DistanceFieldShadowing:1]]
[2020.11.26-12.32.52:859][  0]LogConfig: Setting CVar [[r.DistanceFieldAO:1]]
[2020.11.26-12.32.52:859][  0]LogConfig: Setting CVar [[r.AOQuality:2]]
[2020.11.26-12.32.52:859][  0]LogConfig: Setting CVar [[r.VolumetricFog:1]]
[2020.11.26-12.32.52:859][  0]LogConfig: Setting CVar [[r.VolumetricFog.GridPixelSize:8]]
[2020.11.26-12.32.52:859][  0]LogConfig: Setting CVar [[r.VolumetricFog.GridSizeZ:128]]
[2020.11.26-12.32.52:859][  0]LogConfig: Setting CVar [[r.VolumetricFog.HistoryMissSupersampleCount:4]]
[2020.11.26-12.32.52:859][  0]LogConfig: Setting CVar [[r.LightMaxDrawDistanceScale:1]]
[2020.11.26-12.32.52:859][  0]LogConfig: Setting CVar [[r.CapsuleShadows:1]]
[2020.11.26-12.32.52:859][  0]LogConfig: Applying CVar settings from Section [PostProcessQuality@3] File [C:/Users/Student 2020/Documents/GitHub/Shader/Saved/Config/Windows/Scalability.ini]
[2020.11.26-12.32.52:859][  0]LogConfig: Setting CVar [[r.MotionBlurQuality:0]]
[2020.11.26-12.32.52:859][  0]LogConfig: Setting CVar [[r.AmbientOcclusionMipLevelFactor:0.4]]
[2020.11.26-12.32.52:859][  0]LogConfig: Setting CVar [[r.AmbientOcclusionMaxQuality:100]]
[2020.11.26-12.32.52:859][  0]LogConfig: Setting CVar [[r.AmbientOcclusionLevels:0]]
[2020.11.26-12.32.52:859][  0]LogConfig: Setting CVar [[r.AmbientOcclusionRadiusScale:1.0]]
[2020.11.26-12.32.52:859][  0]LogConfig: Setting CVar [[r.DepthOfFieldQuality:0]]
[2020.11.26-12.32.52:859][  0]LogConfig: Setting CVar [[r.RenderTargetPoolMin:400]]
[2020.11.26-12.32.52:859][  0]LogConfig: Setting CVar [[r.LensFlareQuality:0]]
[2020.11.26-12.32.52:859][  0]LogConfig: Setting CVar [[r.SceneColorFringeQuality:0]]
[2020.11.26-12.32.52:859][  0]LogConfig: Setting CVar [[r.EyeAdaptationQuality:2]]
[2020.11.26-12.32.52:859][  0]LogConfig: Setting CVar [[r.BloomQuality:1]]
[2020.11.26-12.32.52:859][  0]LogConfig: Setting CVar [[r.FastBlurThreshold:0]]
[2020.11.26-12.32.52:859][  0]LogConfig: Setting CVar [[r.Upscale.Quality:3]]
[2020.11.26-12.32.52:859][  0]LogConfig: Setting CVar [[r.Tonemapper.GrainQuantization:1]]
[2020.11.26-12.32.52:859][  0]LogConfig: Setting CVar [[r.LightShaftQuality:1]]
[2020.11.26-12.32.52:859][  0]LogConfig: Setting CVar [[r.Filter.SizeScale:1]]
[2020.11.26-12.32.52:859][  0]LogConfig: Setting CVar [[r.Tonemapper.Quality:5]]
[2020.11.26-12.32.52:859][  0]LogConfig: Setting CVar [[r.DOF.Gather.AccumulatorQuality:1        ; higher gathering accumulator quality]]
[2020.11.26-12.32.52:859][  0]LogConfig: Setting CVar [[r.DOF.Gather.PostfilterMethod:1          ; Median3x3 postfilering method]]
[2020.11.26-12.32.52:859][  0]LogConfig: Setting CVar [[r.DOF.Gather.EnableBokehSettings:0       ; no bokeh simulation when gathering]]
[2020.11.26-12.32.52:859][  0]LogConfig: Setting CVar [[r.DOF.Gather.RingCount:4                 ; medium number of samples when gathering]]
[2020.11.26-12.32.52:859][  0]LogConfig: Setting CVar [[r.DOF.Scatter.ForegroundCompositing:1    ; additive foreground scattering]]
[2020.11.26-12.32.52:859][  0]LogConfig: Setting CVar [[r.DOF.Scatter.BackgroundCompositing:2    ; additive background scattering]]
[2020.11.26-12.32.52:859][  0]LogConfig: Setting CVar [[r.DOF.Scatter.EnableBokehSettings:1      ; bokeh simulation when scattering]]
[2020.11.26-12.32.52:859][  0]LogConfig: Setting CVar [[r.DOF.Scatter.MaxSpriteRatio:0.1         ; only a maximum of 10% of scattered bokeh]]
[2020.11.26-12.32.52:859][  0]LogConfig: Setting CVar [[r.DOF.Recombine.Quality:1                ; cheap slight out of focus]]
[2020.11.26-12.32.52:859][  0]LogConfig: Setting CVar [[r.DOF.Recombine.EnableBokehSettings:0    ; no bokeh simulation on slight out of focus]]
[2020.11.26-12.32.52:859][  0]LogConfig: Setting CVar [[r.DOF.TemporalAAQuality:1                ; more stable temporal accumulation]]
[2020.11.26-12.32.52:859][  0]LogConfig: Setting CVar [[r.DOF.Kernel.MaxForegroundRadius:0.025]]
[2020.11.26-12.32.52:859][  0]LogConfig: Setting CVar [[r.DOF.Kernel.MaxBackgroundRadius:0.025]]
[2020.11.26-12.32.52:859][  0]LogConfig: Applying CVar settings from Section [TextureQuality@3] File [C:/Users/Student 2020/Documents/GitHub/Shader/Saved/Config/Windows/Scalability.ini]
[2020.11.26-12.32.52:859][  0]LogConfig: Setting CVar [[r.Streaming.MipBias:0]]
[2020.11.26-12.32.52:859][  0]LogConfig: Setting CVar [[r.Streaming.AmortizeCPUToGPUCopy:0]]
[2020.11.26-12.32.52:859][  0]LogConfig: Setting CVar [[r.Streaming.MaxNumTexturesToStreamPerFrame:0]]
[2020.11.26-12.32.52:859][  0]LogConfig: Setting CVar [[r.Streaming.Boost:1]]
[2020.11.26-12.32.52:859][  0]LogConfig: Setting CVar [[r.MaxAnisotropy:8]]
[2020.11.26-12.32.52:859][  0]LogConfig: Setting CVar [[r.VT.MaxAnisotropy:8]]
[2020.11.26-12.32.52:859][  0]LogConfig: Setting CVar [[r.Streaming.LimitPoolSizeToVRAM:0]]
[2020.11.26-12.32.52:859][  0]LogConfig: Setting CVar [[r.Streaming.PoolSize:1000]]
[2020.11.26-12.32.52:859][  0]LogConfig: Setting CVar [[r.Streaming.MaxEffectiveScreenSize:0]]
[2020.11.26-12.32.52:859][  0]LogConfig: Applying CVar settings from Section [EffectsQuality@3] File [C:/Users/Student 2020/Documents/GitHub/Shader/Saved/Config/Windows/Scalability.ini]
[2020.11.26-12.32.52:859][  0]LogConfig: Setting CVar [[r.TranslucencyLightingVolumeDim:4]]
[2020.11.26-12.32.52:859][  0]LogConfig: Setting CVar [[r.RefractionQuality:2]]
[2020.11.26-12.32.52:859][  0]LogConfig: Setting CVar [[r.SSR.Quality:0]]
[2020.11.26-12.32.52:859][  0]LogConfig: Setting CVar [[r.SSR.HalfResSceneColor:0]]
[2020.11.26-12.32.52:859][  0]LogConfig: Setting CVar [[r.SceneColorFormat:2]]
[2020.11.26-12.32.52:859][  0]LogConfig: Setting CVar [[r.DetailMode:2]]
[2020.11.26-12.32.52:859][  0]LogConfig: Setting CVar [[r.TranslucencyVolumeBlur:0]]
[2020.11.26-12.32.52:859][  0]LogConfig: Setting CVar [[r.MaterialQualityLevel:1 ; High quality]]
[2020.11.26-12.32.52:859][  0]LogConfig: Setting CVar [[r.SSS.Scale:1]]
[2020.11.26-12.32.52:859][  0]LogConfig: Setting CVar [[r.SSS.SampleSet:2]]
[2020.11.26-12.32.52:859][  0]LogConfig: Setting CVar [[r.SSS.Quality:1]]
[2020.11.26-12.32.52:859][  0]LogConfig: Setting CVar [[r.SSS.HalfRes:0]]
[2020.11.26-12.32.52:859][  0]LogConfig: Setting CVar [[r.SSGI.Quality:3]]
[2020.11.26-12.32.52:859][  0]LogConfig: Setting CVar [[r.EmitterSpawnRateScale:1.0]]
[2020.11.26-12.32.52:859][  0]LogConfig: Setting CVar [[r.ParticleLightQuality:2]]
[2020.11.26-12.32.52:859][  0]LogConfig: Setting CVar [[r.SkyAtmosphere.AerialPerspectiveLUT.FastApplyOnOpaque:1 ; Always have FastSkyLUT 1 in this case to avoid wrong sky]]
[2020.11.26-12.32.52:859][  0]LogConfig: Setting CVar [[r.SkyAtmosphere.AerialPerspectiveLUT.SampleCountPerSlice:1]]
[2020.11.26-12.32.52:859][  0]LogConfig: Setting CVar [[r.SkyAtmosphere.AerialPerspectiveLUT.DepthResolution:16.0]]
[2020.11.26-12.32.52:859][  0]LogConfig: Setting CVar [[r.SkyAtmosphere.FastSkyLUT:1]]
[2020.11.26-12.32.52:859][  0]LogConfig: Setting CVar [[r.SkyAtmosphere.FastSkyLUT.SampleCountMin:4.0]]
[2020.11.26-12.32.52:860][  0]LogConfig: Setting CVar [[r.SkyAtmosphere.FastSkyLUT.SampleCountMax:32.0]]
[2020.11.26-12.32.52:860][  0]LogConfig: Setting CVar [[r.SkyAtmosphere.SampleCountMin:4.0]]
[2020.11.26-12.32.52:860][  0]LogConfig: Setting CVar [[r.SkyAtmosphere.SampleCountMax:32.0]]
[2020.11.26-12.32.52:860][  0]LogConfig: Setting CVar [[r.SkyAtmosphere.TransmittanceLUT.UseSmallFormat:0]]
[2020.11.26-12.32.52:860][  0]LogConfig: Setting CVar [[r.SkyAtmosphere.TransmittanceLUT.SampleCount:10.0]]
[2020.11.26-12.32.52:860][  0]LogConfig: Setting CVar [[r.SkyAtmosphere.MultiScatteringLUT.SampleCount:15.0]]
[2020.11.26-12.32.52:860][  0]LogConfig: Applying CVar settings from Section [FoliageQuality@3] File [C:/Users/Student 2020/Documents/GitHub/Shader/Saved/Config/Windows/Scalability.ini]
[2020.11.26-12.32.52:860][  0]LogConfig: Setting CVar [[foliage.DensityScale:1.0]]
[2020.11.26-12.32.52:860][  0]LogConfig: Setting CVar [[grass.DensityScale:1.0]]
[2020.11.26-12.32.52:860][  0]LogConfig: Applying CVar settings from Section [ShadingQuality@3] File [C:/Users/Student 2020/Documents/GitHub/Shader/Saved/Config/Windows/Scalability.ini]
[2020.11.26-12.32.52:860][  0]LogConfig: Setting CVar [[r.HairStrands.SkyLighting.SampleCount:16]]
[2020.11.26-12.32.52:860][  0]LogConfig: Setting CVar [[r.HairStrands.SkyLighting.JitterIntegration:0]]
[2020.11.26-12.32.52:860][  0]LogConfig: Setting CVar [[r.HairStrands.SkyAO.SampleCount:16]]
[2020.11.26-12.32.52:860][  0]LogConfig: Setting CVar [[r.HairStrands.DeepShadow.SuperSampling:0]]
[2020.11.26-12.32.52:860][  0]LogConfig: Setting CVar [[r.HairStrands.VisibilityPPLL:0]]
[2020.11.26-12.32.52:860][  0]LogConfig: Setting CVar [[r.HairStrands.RasterizationScale:0.5]]
[2020.11.26-12.32.52:860][  0]LogConfig: Setting CVar [[r.HairStrands.VelocityRasterizationScale:1]]
[2020.11.26-12.32.52:860][  0]LogConfig: Applying CVar settings from Section [Startup] File [../../../Engine/Config/ConsoleVariables.ini]
[2020.11.26-12.32.52:860][  0]LogConfig: Setting CVar [[net.UseAdaptiveNetUpdateFrequency:0]]
[2020.11.26-12.32.52:860][  0]LogConfig: Setting CVar [[p.chaos.AllowCreatePhysxBodies:1]]
[2020.11.26-12.32.52:860][  0]LogConfig: Setting CVar [[fx.SkipVectorVMBackendOptimizations:1]]
[2020.11.26-12.32.52:860][  0]LogConfig: Applying CVar settings from Section [ConsoleVariables] File [C:/Users/Student 2020/Documents/GitHub/Shader/Saved/Config/Windows/Engine.ini]
[2020.11.26-12.32.52:860][  0]LogInit: Computer: DESKTOP-S32ASB4
[2020.11.26-12.32.52:860][  0]LogInit: User: Student2020
[2020.11.26-12.32.52:860][  0]LogInit: CPU Page size=4096, Cores=8
[2020.11.26-12.32.52:860][  0]LogInit: High frequency timer resolution =10.000000 MHz
[2020.11.26-12.32.52:860][  0]LogMemory: Memory total: Physical=63.7GB (64GB approx)
[2020.11.26-12.32.52:860][  0]LogMemory: Platform Memory Stats for Windows
[2020.11.26-12.32.52:860][  0]LogMemory: Process Physical Memory: 116.84 MB used, 116.85 MB peak
[2020.11.26-12.32.52:860][  0]LogMemory: Process Virtual Memory: 102.34 MB used, 102.34 MB peak
[2020.11.26-12.32.52:860][  0]LogMemory: Physical Memory: 13189.49 MB used,  52064.32 MB free, 65253.81 MB total
[2020.11.26-12.32.52:860][  0]LogMemory: Virtual Memory: 5191.28 MB used,  134212536.00 MB free, 134217728.00 MB total
[2020.11.26-12.32.52:865][  0]LogWindows: WindowsPlatformFeatures enabled
[2020.11.26-12.32.52:906][  0]LogInit: Physics initialised using underlying interface: PhysX
[2020.11.26-12.32.52:907][  0]LogInit: Using OS detected language (en-GB).
[2020.11.26-12.32.52:907][  0]LogInit: Using OS detected locale (en-US).
[2020.11.26-12.32.52:912][  0]LogTextLocalizationManager: No specific localization for 'en-GB' exists, so the 'en' localization will be used.
[2020.11.26-12.32.53:083][  0]LogInit: Setting process to per monitor DPI aware
[2020.11.26-12.32.53:116][  0]LogSlate: New Slate User Created.  User Index 0, Is Virtual User: 0
[2020.11.26-12.32.53:116][  0]LogSlate: Slate User Registered.  User Index 0, Is Virtual User: 0
[2020.11.26-12.32.53:244][  0]LogHMD: Failed to initialize OpenVR with code 108
[2020.11.26-12.32.53:244][  0]LogD3D11RHI: D3D11 min allowed feature level: 11_0
[2020.11.26-12.32.53:244][  0]LogD3D11RHI: D3D11 max allowed feature level: 11_0
[2020.11.26-12.32.53:244][  0]LogD3D11RHI: D3D11 adapters:
[2020.11.26-12.32.53:343][  0]LogD3D11RHI:    0. 'NVIDIA GeForce RTX 2080 Ti' (Feature Level 11_0)
[2020.11.26-12.32.53:343][  0]LogD3D11RHI:       11049/0/32626 MB DedicatedVideo/DedicatedSystem/SharedSystem, Outputs:1, VendorId:0x10de
[2020.11.26-12.32.53:346][  0]LogD3D11RHI:    1. 'Microsoft Basic Render Driver' (Feature Level 11_0)
[2020.11.26-12.32.53:346][  0]LogD3D11RHI:       0/0/32626 MB DedicatedVideo/DedicatedSystem/SharedSystem, Outputs:0, VendorId:0x1414
[2020.11.26-12.32.53:346][  0]LogD3D11RHI: Chosen D3D11 Adapter: 0
[2020.11.26-12.32.53:359][  0]LogD3D11RHI: Creating new Direct3DDevice
[2020.11.26-12.32.53:359][  0]LogD3D11RHI:     GPU DeviceId: 0x1e04 (for the marketing name, search the web for "GPU Device Id")
[2020.11.26-12.32.53:359][  0]LogWindows: EnumDisplayDevices:
[2020.11.26-12.32.53:359][  0]LogWindows:    0. 'NVIDIA GeForce RTX 2080 Ti' (P:1 D:1)
[2020.11.26-12.32.53:360][  0]LogWindows:    1. 'NVIDIA GeForce RTX 2080 Ti' (P:0 D:0)
[2020.11.26-12.32.53:360][  0]LogWindows:    2. 'NVIDIA GeForce RTX 2080 Ti' (P:0 D:0)
[2020.11.26-12.32.53:360][  0]LogWindows:    3. 'NVIDIA GeForce RTX 2080 Ti' (P:0 D:0)
[2020.11.26-12.32.53:361][  0]LogWindows: DebugString: FoundDriverCount:4 
[2020.11.26-12.32.53:361][  0]LogD3D11RHI:     Adapter Name: NVIDIA GeForce RTX 2080 Ti
[2020.11.26-12.32.53:361][  0]LogD3D11RHI:   Driver Version: 457.30 (internal:27.21.14.5730, unified:457.30)
[2020.11.26-12.32.53:361][  0]LogD3D11RHI:      Driver Date: 11-6-2020
[2020.11.26-12.32.53:361][  0]LogRHI: Texture pool is 7734 MB (70% of 11049 MB)
[2020.11.26-12.32.53:414][  0]LogD3D11RHI: RHI has support for 64 bit atomics
[2020.11.26-12.32.53:414][  0]LogD3D11RHI: Async texture creation enabled
[2020.11.26-12.32.53:414][  0]LogD3D11RHI: Array index from any shader is supported
[2020.11.26-12.32.53:431][  0]LogD3D11RHI: GPU Timing Frequency: 1000.000000 (Debug: 2 1)
[2020.11.26-12.32.53:672][  0]LogTargetPlatformManager: Display: Loaded TargetPlatform 'AllDesktop'
[2020.11.26-12.32.53:693][  0]LogTargetPlatformManager: Display: Loaded TargetPlatform 'Android'
[2020.11.26-12.32.53:693][  0]LogTargetPlatformManager: Display: Loaded TargetPlatform 'Android_ASTC'
[2020.11.26-12.32.53:693][  0]LogTargetPlatformManager: Display: Loaded TargetPlatform 'Android_DXT'
[2020.11.26-12.32.53:693][  0]LogTargetPlatformManager: Display: Loaded TargetPlatform 'Android_ETC2'
[2020.11.26-12.32.53:693][  0]LogTargetPlatformManager: Display: Loaded TargetPlatform 'AndroidClient'
[2020.11.26-12.32.53:693][  0]LogTargetPlatformManager: Display: Loaded TargetPlatform 'Android_ASTCClient'
[2020.11.26-12.32.53:693][  0]LogTargetPlatformManager: Display: Loaded TargetPlatform 'Android_DXTClient'
[2020.11.26-12.32.53:693][  0]LogTargetPlatformManager: Display: Loaded TargetPlatform 'Android_ETC2Client'
[2020.11.26-12.32.53:693][  0]LogTargetPlatformManager: Display: Loaded TargetPlatform 'Android_Multi'
[2020.11.26-12.32.53:693][  0]LogTargetPlatformManager: Display: Loaded TargetPlatform 'Android_MultiClient'
[2020.11.26-12.32.53:714][  0]LogTargetPlatformManager: Display: Loaded TargetPlatform 'IOSClient'
[2020.11.26-12.32.53:714][  0]LogTargetPlatformManager: Display: Loaded TargetPlatform 'IOS'
[2020.11.26-12.32.53:723][  0]LogTargetPlatformManager: Display: Loaded TargetPlatform 'Linux'
[2020.11.26-12.32.53:730][  0]LogTargetPlatformManager: Display: Loaded TargetPlatform 'LinuxNoEditor'
[2020.11.26-12.32.53:738][  0]LogTargetPlatformManager: Display: Loaded TargetPlatform 'LinuxClient'
[2020.11.26-12.32.53:746][  0]LogTargetPlatformManager: Display: Loaded TargetPlatform 'LinuxServer'
[2020.11.26-12.32.53:754][  0]LogTargetPlatformManager: Display: Loaded TargetPlatform 'LinuxAArch64NoEditor'
[2020.11.26-12.32.53:762][  0]LogTargetPlatformManager: Display: Loaded TargetPlatform 'LinuxAArch64Client'
[2020.11.26-12.32.53:770][  0]LogTargetPlatformManager: Display: Loaded TargetPlatform 'LinuxAArch64Server'
[2020.11.26-12.32.53:792][  0]LogTargetPlatformManager: Display: Loaded TargetPlatform 'Lumin'
[2020.11.26-12.32.53:792][  0]LogTargetPlatformManager: Display: Loaded TargetPlatform 'LuminClient'
[2020.11.26-12.32.53:806][  0]LogTargetPlatformManager: Display: Loaded TargetPlatform 'TVOSClient'
[2020.11.26-12.32.53:806][  0]LogTargetPlatformManager: Display: Loaded TargetPlatform 'TVOS'
[2020.11.26-12.32.53:814][  0]LogTargetPlatformManager: Display: Loaded TargetPlatform 'WindowsNoEditor'
[2020.11.26-12.32.53:822][  0]LogTargetPlatformManager: Display: Loaded TargetPlatform 'Windows'
[2020.11.26-12.32.53:830][  0]LogTargetPlatformManager: Display: Loaded TargetPlatform 'WindowsClient'
[2020.11.26-12.32.53:838][  0]LogTargetPlatformManager: Display: Loaded TargetPlatform 'WindowsServer'
[2020.11.26-12.32.53:838][  0]LogTargetPlatformManager: Display: Building Assets For Windows
[2020.11.26-12.32.53:844][  0]LogAudioDebug: Display: Lib vorbis DLL was dynamically loaded.
[2020.11.26-12.32.53:891][  0]LogShaderCompilers: Guid format shader working directory is -8 characters bigger than the processId version (../../../../../../Users/Student 2020/Documents/GitHub/Shader/Intermediate/Shaders/WorkingDirectory/10740/).
[2020.11.26-12.32.53:892][  0]LogShaderCompilers: Cleaned the shader compiler working directory 'C:/Users/Student 2020/AppData/Local/Temp/UnrealShaderWorkingDir/394FA6444DDAE7FD816750B25A468996/'.
[2020.11.26-12.32.53:892][  0]LogXGEController: Cannot use XGE Controller as Incredibuild is not installed on this machine.
[2020.11.26-12.32.53:892][  0]LogShaderCompilers: Cannot use XGE Shader Compiler as Incredibuild is not installed on this machine.
[2020.11.26-12.32.53:892][  0]LogShaderCompilers: Display: Using Local Shader Compiler.
[2020.11.26-12.32.54:554][  0]LogDerivedDataCache: Display: Max Cache Size: 512 MB
[2020.11.26-12.32.54:618][  0]LogDerivedDataCache: Loaded boot cache 0.07s 96MB C:/Users/Student 2020/AppData/Local/UnrealEngine/4.25/DerivedDataCache/Boot.ddc.
[2020.11.26-12.32.54:618][  0]LogDerivedDataCache: Display: Loaded Boot cache: C:/Users/Student 2020/AppData/Local/UnrealEngine/4.25/DerivedDataCache/Boot.ddc
[2020.11.26-12.32.54:619][  0]LogDerivedDataCache: FDerivedDataBackendGraph:  Pak pak cache file ../../../../../../Users/Student 2020/Documents/GitHub/Shader/DerivedDataCache/DDC.ddp not found, will not use a pak cache.
[2020.11.26-12.32.54:619][  0]LogDerivedDataCache: Unable to find inner node Pak for hierarchical cache Hierarchy.
[2020.11.26-12.32.54:619][  0]LogDerivedDataCache: FDerivedDataBackendGraph:  CompressedPak pak cache file ../../../../../../Users/Student 2020/Documents/GitHub/Shader/DerivedDataCache/Compressed.ddp not found, will not use a pak cache.
[2020.11.26-12.32.54:619][  0]LogDerivedDataCache: Unable to find inner node CompressedPak for hierarchical cache Hierarchy.
[2020.11.26-12.32.54:628][  0]LogDerivedDataCache: Display: Pak cache opened for reading ../../../Engine/DerivedDataCache/Compressed.ddp.
[2020.11.26-12.32.54:628][  0]LogDerivedDataCache: FDerivedDataBackendGraph:  EnterprisePak pak cache file ../../../Enterprise/DerivedDataCache/Compressed.ddp not found, will not use a pak cache.
[2020.11.26-12.32.54:628][  0]LogDerivedDataCache: Unable to find inner node EnterprisePak for hierarchical cache Hierarchy.
[2020.11.26-12.32.54:629][  0]LogDerivedDataCache: Using Local data cache path C:/Users/Student 2020/AppData/Local/UnrealEngine/Common/DerivedDataCache: Writable
[2020.11.26-12.32.54:629][  0]LogDerivedDataCache: Shared data cache path not found in *engine.ini, will not use an Shared cache.
[2020.11.26-12.32.54:629][  0]LogDerivedDataCache: Unable to find inner node Shared for hierarchical cache Hierarchy.
[2020.11.26-12.32.54:674][  0]LogSlate: Using FreeType 2.10.0
[2020.11.26-12.32.54:674][  0]LogSlate: SlateFontServices - WITH_FREETYPE: 1, WITH_HARFBUZZ: 1
[2020.11.26-12.32.54:697][  0]LogAssetRegistry: FAssetRegistry took 0.0029 seconds to start up
[2020.11.26-12.32.54:916][  0]LogInit: Selected Device Profile: [Windows]
[2020.11.26-12.32.55:013][  0]LogMeshReduction: Using QuadricMeshReduction for automatic static mesh reduction
[2020.11.26-12.32.55:013][  0]LogMeshReduction: Using SimplygonMeshReduction for automatic skeletal mesh reduction
[2020.11.26-12.32.55:013][  0]LogMeshReduction: Using ProxyLODMeshReduction for automatic mesh merging
[2020.11.26-12.32.55:013][  0]LogMeshReduction: No distributed automatic mesh merging module available
[2020.11.26-12.32.55:013][  0]LogMeshMerging: No distributed automatic mesh merging module available
[2020.11.26-12.32.55:026][  0]LogNetVersion: MyProject 1.0.0, NetCL: 13144385, EngineNetVer: 14, GameNetVer: 0 (Checksum: 709303259)
[2020.11.26-12.32.55:414][  0]LogAISub: UAISubsystem::UAISubsystem AISubsystem (0000023B68EC9BC0), frame # 0
[2020.11.26-12.32.55:414][  0]LogAISub: UAISubsystem::UAISubsystem AIPerceptionSystem (0000023B68E111C0), frame # 0
[2020.11.26-12.32.55:415][  0]LogAISub: UAISubsystem::UAISubsystem EnvQueryManager (0000023B68E88800), frame # 0
[2020.11.26-12.32.55:461][  0]LogPackageLocalizationCache: Processed 19 localized package path(s) for 1 prioritized culture(s) in 0.040698 seconds
[2020.11.26-12.32.55:466][  0]LogUObjectArray: 15917 objects as part of root set at end of initial load.
[2020.11.26-12.32.55:466][  0]LogUObjectAllocator: 3965568 out of 0 bytes used by permanent object pool.
[2020.11.26-12.32.55:466][  0]LogUObjectArray: CloseDisregardForGC: 0/0 objects in disregard for GC pool
[2020.11.26-12.32.55:750][  0]LogTcpMessaging: Initializing TcpMessaging bridge
[2020.11.26-12.32.55:754][  0]LogUdpMessaging: Initializing bridge on interface 0.0.0.0:0 to multicast group 230.0.0.1:6666.
[2020.11.26-12.32.55:821][  0]SourceControl: Source control is disabled
[2020.11.26-12.32.55:821][  0]SourceControl: Source control is disabled
[2020.11.26-12.32.55:824][  0]SourceControl: Source control is disabled
[2020.11.26-12.32.55:826][  0]SourceControl: Source control is disabled
[2020.11.26-12.32.55:831][  0]SourceControl: Source control is disabled
[2020.11.26-12.32.56:039][  0]LogAndroidPermission: UAndroidPermissionCallbackProxy::GetInstance
[2020.11.26-12.32.56:055][  0]LogAudioCaptureCore: Display: No Audio Capture implementations found. Audio input will be silent.
[2020.11.26-12.32.56:055][  0]LogAudioCaptureCore: Display: No Audio Capture implementations found. Audio input will be silent.
[2020.11.26-12.32.56:094][  0]LogOcInput: OculusInput pre-init called
[2020.11.26-12.32.56:104][  0]LogWindows: Failed to load 'OVRPlugin.dll' (GetLastError=126)
[2020.11.26-12.32.56:104][  0]LogWindows: File 'OVRPlugin.dll' does not exist
[2020.11.26-12.32.56:157][  0]LogEngine: Initializing Engine...
[2020.11.26-12.32.56:205][  0]LogHMD: Failed to initialize OpenVR with code 108
[2020.11.26-12.32.56:205][  0]LogMagicLeap: Warning: VR disabled because ZI is not enabled.  To enable, in the editor, Edit -> Project Settings -> Plugins -> Magic Leap Plugin -> Enable Zero Iteration
[2020.11.26-12.32.56:206][  0]LogStats: UGameplayTagsManager::InitializeManager -  0.000 s
[2020.11.26-12.32.56:324][  0]LogInit: Initializing FReadOnlyCVARCache
[2020.11.26-12.32.56:331][  0]LogAIModule: Creating AISystem for world Untitled
[2020.11.26-12.32.56:331][  0]LogAISub: UAISubsystem::UAISubsystem EnvQueryManager (0000023B70655E00), frame # 0
[2020.11.26-12.32.56:332][  0]LogAISub: UAISubsystem::UAISubsystem AIPerceptionSystem (0000023B70681F80), frame # 0
[2020.11.26-12.32.56:350][  0]LogAudioMixer: Display: Audio Mixer Platform Settings:
[2020.11.26-12.32.56:350][  0]LogAudioMixer: Display: 	Sample Rate:						  48000
[2020.11.26-12.32.56:350][  0]LogAudioMixer: Display: 	Callback Buffer Frame Size Requested: 1024
[2020.11.26-12.32.56:350][  0]LogAudioMixer: Display: 	Callback Buffer Frame Size To Use:	  1024
[2020.11.26-12.32.56:350][  0]LogAudioMixer: Display: 	Number of buffers to queue:			  2
[2020.11.26-12.32.56:350][  0]LogAudioMixer: Display: 	Max Channels (voices):				  32
[2020.11.26-12.32.56:350][  0]LogAudioMixer: Display: 	Number of Async Source Workers:		  0
[2020.11.26-12.32.56:350][  0]LogAudio: Display: AudioDevice MaxSources: 32
[2020.11.26-12.32.56:351][  0]LogAudio: Display: Using built-in audio occlusion.
[2020.11.26-12.32.56:351][  0]LogAudioMixer: Display: Initializing audio mixer.
[2020.11.26-12.32.56:361][  0]LogAudioMixer: Display: 0: FrontLeft
[2020.11.26-12.32.56:361][  0]LogAudioMixer: Display: 1: FrontRight
[2020.11.26-12.32.56:406][  0]LogAudioMixer: Display: Using Audio Device SMT27A300 (NVIDIA High Definition Audio)
[2020.11.26-12.32.56:408][  0]LogAudioMixer: Display: Initializing Sound Submixes...
[2020.11.26-12.32.56:410][  0]LogAudioMixer: Display: Creating Master Submix 'MasterSubmixDefault'
[2020.11.26-12.32.56:410][  0]LogAudioMixer: Display: Creating Master Submix 'MasterReverbSubmixDefault'
[2020.11.26-12.32.56:410][  0]LogAudioMixer: Display: Creating Master Submix 'MasterEQSubmixDefault'
[2020.11.26-12.32.56:411][  0]LogInit: FAudioDevice initialized.
[2020.11.26-12.32.56:411][  0]LogNetVersion: Set ProjectVersion to 1.0.0.0. Version Checksum will be recalculated on next use.
[2020.11.26-12.32.56:464][  0]LogDerivedDataCache: Saved boot cache 0.05s 96MB C:/Users/Student 2020/AppData/Local/UnrealEngine/4.25/DerivedDataCache/Boot.ddc.
[2020.11.26-12.32.56:470][  0]LogInit: Texture streaming: Enabled
[2020.11.26-12.32.56:483][  0]LogEngineSessionManager: EngineSessionManager initialized
[2020.11.26-12.32.56:483][  0]LogEditorSessionSummary: Verbose: Initializing EditorSessionSummaryWriter for editor session tracking
[2020.11.26-12.32.56:485][  0]LogEditorSessionSummary: EditorSessionSummaryWriter initialized
[2020.11.26-12.32.56:537][  0]LogInit: Transaction tracking system initialized
[2020.11.26-12.32.56:555][  0]BlueprintLog: New page: Editor Load
[2020.11.26-12.32.56:610][  0]LocalizationService: Localization service is disabled
[2020.11.26-12.32.56:823][  0]LogCook: Display: Max memory allowance for cook 16384mb min free memory 0mb
[2020.11.26-12.32.56:823][  0]LogCook: Display: Mobile HDR setting 1
[2020.11.26-12.32.56:958][  0]LogFileCache: Scanning file cache for directory 'C:/Users/Student 2020/Documents/GitHub/Shader/Content/' took 0.01s
[2020.11.26-12.32.57:139][  0]SourceControl: Source control is disabled
[2020.11.26-12.32.57:139][  0]LogUnrealEdMisc: Loading editor; pre map load, took 5.603
[2020.11.26-12.32.57:140][  0]Cmd: MAP LOAD FILE="../../../../../../Users/Student 2020/Documents/GitHub/Shader/Content/VirtualRealityBP/Maps/StartupMap.umap" TEMPLATE=0 SHOWPROGRESS=1 FEATURELEVEL=3
[2020.11.26-12.32.57:140][  0]LightingResults: New page: Lighting Build
[2020.11.26-12.32.57:141][  0]LogWorld: UWorld::CleanupWorld for Untitled, bSessionEnded=true, bCleanupResources=true
[2020.11.26-12.32.57:141][  0]LogSlate: InvalidateAllWidgets triggered.  All widgets were invalidated
[2020.11.26-12.32.57:141][  0]MapCheck: New page: Map Check
[2020.11.26-12.32.57:141][  0]LightingResults: New page: Lighting Build
[2020.11.26-12.32.57:157][  0]LogAISub: UAISubsystem::~UAISubsystem EnvQueryManager (0000023B70655E00), frame # 0
[2020.11.26-12.32.57:157][  0]LogAISub: UAISubsystem::~UAISubsystem AIPerceptionSystem (0000023B70681F80), frame # 0
[2020.11.26-12.32.57:158][  0]LogUObjectHash: Compacting FUObjectHashTables data took   0.66ms
[2020.11.26-12.32.57:702][  0]LogAIModule: Creating AISystem for world StartupMap
[2020.11.26-12.32.57:702][  0]LogAISub: UAISubsystem::UAISubsystem EnvQueryManager (0000023B56C5FE00), frame # 0
[2020.11.26-12.32.57:702][  0]LogAISub: UAISubsystem::UAISubsystem AIPerceptionSystem (0000023B56CEAD40), frame # 0
[2020.11.26-12.32.57:710][  0]LogEditorServer: Finished looking for orphan Actors (0.000 secs)
[2020.11.26-12.32.57:724][  0]LogUObjectHash: Compacting FUObjectHashTables data took   0.69ms
[2020.11.26-12.32.57:724][  0]Cmd: MAP CHECKDEP NOCLEARLOG
[2020.11.26-12.32.57:725][  0]MapCheck: Map check complete: 0 Error(s), 0 Warning(s), took 0.199ms to complete.
[2020.11.26-12.32.57:725][  0]LogFileHelpers: Loading map 'StartupMap' took 0.585
[2020.11.26-12.32.57:726][  0]LogUnrealEdMisc: Total Editor Startup Time, took 6.190
[2020.11.26-12.32.57:875][  0]LogSlate: Updating window title bar state: overlay mode, drag disabled, window buttons hidden, title bar hidden
[2020.11.26-12.32.57:882][  0]LogSlate: Updating window title bar state: overlay mode, drag disabled, window buttons hidden, title bar hidden
[2020.11.26-12.32.57:888][  0]LogSlate: Updating window title bar state: overlay mode, drag disabled, window buttons hidden, title bar hidden
[2020.11.26-12.32.57:894][  0]LogSlate: Updating window title bar state: overlay mode, drag disabled, window buttons hidden, title bar hidden
[2020.11.26-12.32.57:903][  0]LogCollectionManager: Loaded 0 collections in 0.001682 seconds
[2020.11.26-12.32.57:932][  0]LogFileCache: Scanning file cache for directory 'C:/Users/Student 2020/Documents/GitHub/Shader/Saved/Collections/' took 0.00s
[2020.11.26-12.32.57:932][  0]LogFileCache: Scanning file cache for directory 'C:/Users/Student 2020/Documents/GitHub/Shader/Content/Developers/Student2020/Collections/' took 0.00s
[2020.11.26-12.32.57:932][  0]LogFileCache: Scanning file cache for directory 'C:/Users/Student 2020/Documents/GitHub/Shader/Content/Collections/' took 0.00s
[2020.11.26-12.32.57:932][  0]LogContentBrowser: Native class hierarchy populated in 0.0092 seconds. Added 3427 classes and 821 folders.
[2020.11.26-12.32.57:938][  0]LogContentBrowser: Native class hierarchy updated for 'WidgetCarousel' in 0.0003 seconds. Added 0 classes and 0 folders.
[2020.11.26-12.32.58:209][  0]LogContentBrowser: Native class hierarchy updated for 'AddContentDialog' in 0.0003 seconds. Added 0 classes and 0 folders.
[2020.11.26-12.32.58:214][  0]LogContentBrowser: Native class hierarchy updated for 'SceneOutliner' in 0.0006 seconds. Added 2 classes and 0 folders.
[2020.11.26-12.32.58:270][  0]LogSlate: Took 0.000200 seconds to synchronously load lazily loaded font '../../../Engine/Content/Slate/Fonts/Roboto-Regular.ttf' (155K)
[2020.11.26-12.32.58:271][  0]LogSlate: Took 0.000126 seconds to synchronously load lazily loaded font '../../../Engine/Content/Slate/Fonts/Roboto-Bold.ttf' (160K)
[2020.11.26-12.32.58:283][  0]LogSlate: Took 0.006166 seconds to synchronously load lazily loaded font '../../../Engine/Content/Editor/Slate/Fonts/FontAwesome.ttf' (139K)
[2020.11.26-12.32.58:336][  0]LogRenderer: Reallocating scene render targets to support 1100x580 Format 26 NumSamples 1 (Frame:1).
[2020.11.26-12.32.58:351][  0]LogStaticMesh: Allocated 334x64x64 distance field atlas = 2.6Mb, with 26 objects containing 1.0Mb backing data
[2020.11.26-12.32.58:438][  0]LogContentBrowser: Native class hierarchy updated for 'HierarchicalLODOutliner' in 0.0003 seconds. Added 0 classes and 0 folders.
[2020.11.26-12.32.58:438][  0]LogLoad: (Engine Initialization) Total time: 6.90 seconds
[2020.11.26-12.32.58:438][  0]LogLoad: (Engine Initialization) Total Blueprint compile time: 0.00 seconds
[2020.11.26-12.32.58:474][  0]LogAssetRegistry: Asset discovery search completed in 3.7775 seconds
[2020.11.26-12.32.58:478][  0]LogCollectionManager: Fixed up redirectors for 0 collections in 0.000003 seconds (updated 0 objects)
[2020.11.26-12.32.58:479][  0]LogContentStreaming: Texture pool size now 1000 MB
[2020.11.26-12.32.58:522][  0]LogSlate: Took 0.005627 seconds to synchronously load lazily loaded font '../../../Engine/Content/Slate/Fonts/Roboto-Light.ttf' (167K)
[2020.11.26-12.32.59:475][103]LogSlate: Took 0.000160 seconds to synchronously load lazily loaded font '../../../Engine/Content/Slate/Fonts/Roboto-Light.ttf' (167K)
[2020.11.26-12.33.09:991][311]LogAssetEditorSubsystem: Opening Asset editor for Material /Game/Materials/Jade/Skin_Jade.Skin_Jade
[2020.11.26-12.33.09:995][311]LogMaterial: Display: Missing cached shader map for material Skin_Jade, compiling. 
[2020.11.26-12.33.10:463][311]LogMaterial: Display: Missing cached shader map for material Skin_Jade, compiling. 
[2020.11.26-12.33.10:505][311]LogMaterial: Display: Missing cached shader map for material Skin_Jade, compiling. 
[2020.11.26-12.33.10:546][311]LogShaderCompilers: Display: Worker (1/13): shaders left to compile 122
[2020.11.26-12.33.10:546][311]LogShaderCompilers: Display: Worker (2/13): shaders left to compile 121
[2020.11.26-12.33.10:546][311]LogShaderCompilers: Display: Worker (3/13): shaders left to compile 120
[2020.11.26-12.33.10:546][311]LogShaderCompilers: Display: Worker (4/13): shaders left to compile 119
[2020.11.26-12.33.10:546][311]LogShaderCompilers: Display: Worker (5/13): shaders left to compile 118
[2020.11.26-12.33.10:546][311]LogShaderCompilers: Display: Worker (6/13): shaders left to compile 117
[2020.11.26-12.33.10:546][311]LogShaderCompilers: Display: Worker (7/13): shaders left to compile 116
[2020.11.26-12.33.10:546][311]LogShaderCompilers: Display: Worker (8/13): shaders left to compile 115
[2020.11.26-12.33.10:546][311]LogShaderCompilers: Display: Worker (9/13): shaders left to compile 114
[2020.11.26-12.33.10:546][311]LogShaderCompilers: Display: Worker (10/13): shaders left to compile 113
[2020.11.26-12.33.10:546][311]LogShaderCompilers: Display: Worker (11/13): shaders left to compile 112
[2020.11.26-12.33.10:546][311]LogShaderCompilers: Display: Worker (12/13): shaders left to compile 111
[2020.11.26-12.33.10:549][311]LogMaterial: Display: Missing cached shader map for material FMatExpressionPreview MaterialExpressionTextureSample_1, compiling. 
[2020.11.26-12.33.10:553][311]LogMaterial: Display: Missing cached shader map for material FMatExpressionPreview MaterialExpressionTextureSample_2, compiling. 
[2020.11.26-12.33.10:556][311]LogMaterial: Display: Missing cached shader map for material FMatExpressionPreview MaterialExpressionTextureSample_0, compiling. 
[2020.11.26-12.33.10:559][311]LogMaterial: Display: Missing cached shader map for material FMatExpressionPreview MaterialExpressionVectorParameter_0, compiling. 
[2020.11.26-12.33.10:562][311]LogMaterial: Display: Missing cached shader map for material FMatExpressionPreview MaterialExpressionConstant3Vector_0, compiling. 
[2020.11.26-12.33.10:565][311]LogMaterial: Display: Missing cached shader map for material FMatExpressionPreview MaterialExpressionTextureSample_3, compiling. 
[2020.11.26-12.33.10:568][311]LogMaterial: Display: Missing cached shader map for material FMatExpressionPreview MaterialExpressionTextureSample_5, compiling. 
[2020.11.26-12.33.10:571][311]LogMaterial: Display: Missing cached shader map for material FMatExpressionPreview MaterialExpressionTextureSample_4, compiling. 
[2020.11.26-12.33.10:573][311]LogMaterial: Display: Missing cached shader map for material FMatExpressionPreview MaterialExpressionTextureSample_8, compiling. 
[2020.11.26-12.33.10:576][311]LogMaterial: Display: Missing cached shader map for material FMatExpressionPreview MaterialExpressionTextureSample_10, compiling. 
[2020.11.26-12.33.10:579][311]LogMaterial: Display: Missing cached shader map for material FMatExpressionPreview MaterialExpressionTextureSample_6, compiling. 
[2020.11.26-12.33.10:581][311]LogMaterial: Display: Missing cached shader map for material FMatExpressionPreview MaterialExpressionTextureSample_7, compiling. 
[2020.11.26-12.33.10:638][311]LogAssetEditorSubsystem: Opening Asset editor for MaterialInstanceConstant /Game/Materials/Jade/Skin_Jade_Inst.Skin_Jade_Inst
[2020.11.26-12.33.10:861][311]LogRenderer: Reallocating scene render targets to support 1100x780 Format 26 NumSamples 1 (Frame:1).
[2020.11.26-12.33.10:865][311]LogStaticMesh: Allocated 389x64x64 distance field atlas = 3.0Mb, with 29 objects containing 1.3Mb backing data
[2020.11.26-12.33.11:019][315]LogShaderCompilers: Display: Worker (3/13): shaders left to compile 158
[2020.11.26-12.33.11:033][316]LogShaderCompilers: Display: Worker (12/13): shaders left to compile 157
[2020.11.26-12.33.11:049][317]LogShaderCompilers: Display: Worker (11/13): shaders left to compile 156
[2020.11.26-12.33.11:062][318]LogShaderCompilers: Display: Worker (2/13): shaders left to compile 155
[2020.11.26-12.33.11:062][318]LogShaderCompilers: Display: Worker (10/13): shaders left to compile 154
[2020.11.26-12.33.11:078][319]LogShaderCompilers: Display: Worker (9/13): shaders left to compile 153
[2020.11.26-12.33.11:134][323]LogShaderCompilers: Display: Worker (4/13): shaders left to compile 152
[2020.11.26-12.33.11:155][324]LogShaderCompilers: Display: Worker (6/13): shaders left to compile 151
[2020.11.26-12.33.11:254][330]LogShaderCompilers: Display: Worker (2/13): shaders left to compile 150
[2020.11.26-12.33.11:298][333]LogShaderCompilers: Display: Worker (5/13): shaders left to compile 149
[2020.11.26-12.33.11:326][335]LogShaderCompilers: Display: Worker (1/13): shaders left to compile 148
[2020.11.26-12.33.11:326][335]LogShaderCompilers: Display: Worker (3/13): shaders left to compile 147
[2020.11.26-12.33.11:353][337]LogShaderCompilers: Display: Worker (10/13): shaders left to compile 146
[2020.11.26-12.33.11:444][343]LogShaderCompilers: Display: Worker (7/13): shaders left to compile 145
[2020.11.26-12.33.11:493][346]LogShaderCompilers: Display: Worker (9/13): shaders left to compile 144
[2020.11.26-12.33.11:523][348]LogShaderCompilers: Display: Worker (12/13): shaders left to compile 143
[2020.11.26-12.33.11:560][350]LogShaderCompilers: Display: Worker (8/13): shaders left to compile 142
[2020.11.26-12.33.11:606][353]LogShaderCompilers: Display: Worker (3/13): shaders left to compile 141
[2020.11.26-12.33.11:634][355]LogShaderCompilers: Display: Worker (2/13): shaders left to compile 140
[2020.11.26-12.33.11:677][357]LogShaderCompilers: Display: Worker (10/13): shaders left to compile 139
[2020.11.26-12.33.11:705][359]LogShaderCompilers: Display: Worker (5/13): shaders left to compile 138
[2020.11.26-12.33.11:705][359]LogShaderCompilers: Display: Worker (7/13): shaders left to compile 137
[2020.11.26-12.33.11:744][361]LogShaderCompilers: Display: Worker (11/13): shaders left to compile 136
[2020.11.26-12.33.11:876][368]LogShaderCompilers: Display: Worker (4/13): shaders left to compile 135
[2020.11.26-12.33.11:876][368]LogShaderCompilers: Display: Worker (9/13): shaders left to compile 134
[2020.11.26-12.33.11:910][369]LogShaderCompilers: Display: Worker (6/13): shaders left to compile 133
[2020.11.26-12.33.11:910][369]LogShaderCompilers: Display: Worker (3/13): shaders left to compile 132
[2020.11.26-12.33.12:010][372]LogShaderCompilers: Display: Worker (2/13): shaders left to compile 131
[2020.11.26-12.33.12:010][372]LogShaderCompilers: Display: Worker (1/13): shaders left to compile 130
[2020.11.26-12.33.12:010][372]LogShaderCompilers: Display: Worker (7/13): shaders left to compile 129
[2020.11.26-12.33.12:078][373]LogShaderCompilers: Display: Worker (8/13): shaders left to compile 128
[2020.11.26-12.33.12:177][375]LogShaderCompilers: Display: Worker (4/13): shaders left to compile 127
[2020.11.26-12.33.12:177][375]LogShaderCompilers: Display: Worker (12/13): shaders left to compile 126
[2020.11.26-12.33.12:177][375]LogShaderCompilers: Display: Worker (5/13): shaders left to compile 125
[2020.11.26-12.33.12:226][376]LogShaderCompilers: Display: Worker (6/13): shaders left to compile 124
[2020.11.26-12.33.12:226][376]LogShaderCompilers: Display: Worker (11/13): shaders left to compile 123
[2020.11.26-12.33.12:278][377]LogShaderCompilers: Display: Worker (10/13): shaders left to compile 122
[2020.11.26-12.33.12:278][377]LogShaderCompilers: Display: Worker (3/13): shaders left to compile 121
[2020.11.26-12.33.12:325][378]LogShaderCompilers: Display: Worker (9/13): shaders left to compile 120
[2020.11.26-12.33.12:376][379]LogShaderCompilers: Display: Worker (2/13): shaders left to compile 119
[2020.11.26-12.33.12:380][380]LogShaderCompilers: Display: Worker (1/13): shaders left to compile 118
[2020.11.26-12.33.12:406][382]LogShaderCompilers: Display: Worker (6/13): shaders left to compile 117
[2020.11.26-12.33.12:425][383]LogShaderCompilers: Display: Worker (11/13): shaders left to compile 116
[2020.11.26-12.33.12:440][384]LogShaderCompilers: Display: Worker (4/13): shaders left to compile 115
[2020.11.26-12.33.12:453][385]LogShaderCompilers: Display: Worker (3/13): shaders left to compile 114
[2020.11.26-12.33.12:465][386]LogShaderCompilers: Display: Worker (10/13): shaders left to compile 113
[2020.11.26-12.33.12:478][387]LogShaderCompilers: Display: Worker (8/13): shaders left to compile 112
[2020.11.26-12.33.12:554][393]LogShaderCompilers: Display: Worker (9/13): shaders left to compile 111
[2020.11.26-12.33.12:582][395]LogShaderCompilers: Display: Worker (6/13): shaders left to compile 110
[2020.11.26-12.33.12:595][396]LogShaderCompilers: Display: Worker (7/13): shaders left to compile 109
[2020.11.26-12.33.12:676][402]LogShaderCompilers: Display: Worker (11/13): shaders left to compile 108
[2020.11.26-12.33.12:732][406]LogShaderCompilers: Display: Worker (12/13): shaders left to compile 107
[2020.11.26-12.33.12:798][411]LogShaderCompilers: Display: Worker (4/13): shaders left to compile 106
[2020.11.26-12.33.12:811][412]LogShaderCompilers: Display: Worker (2/13): shaders left to compile 105
[2020.11.26-12.33.12:891][413]LogShaderCompilers: Display: Worker (8/13): shaders left to compile 104
[2020.11.26-12.33.12:891][413]LogShaderCompilers: Display: Worker (7/13): shaders left to compile 103
[2020.11.26-12.33.12:892][413]LogShaderCompilers: Display: Worker (5/13): shaders left to compile 102
[2020.11.26-12.33.12:916][413]LogShaderCompilers: Display: Worker (9/13): shaders left to compile 101
[2020.11.26-12.33.13:070][414]LogShaderCompilers: Display: Worker (11/13): shaders left to compile 100
[2020.11.26-12.33.13:070][414]LogShaderCompilers: Display: Worker (12/13): shaders left to compile 99
[2020.11.26-12.33.13:070][414]LogShaderCompilers: Display: Worker (1/13): shaders left to compile 98
[2020.11.26-12.33.13:107][417]LogShaderCompilers: Display: Worker (3/13): shaders left to compile 97
[2020.11.26-12.33.13:132][419]LogShaderCompilers: Display: Worker (4/13): shaders left to compile 96
[2020.11.26-12.33.13:143][420]LogShaderCompilers: Display: Worker (7/13): shaders left to compile 95
[2020.11.26-12.33.13:156][421]LogShaderCompilers: Display: Worker (10/13): shaders left to compile 94
[2020.11.26-12.33.13:204][425]LogShaderCompilers: Display: Worker (5/13): shaders left to compile 93
[2020.11.26-12.33.13:204][425]LogShaderCompilers: Display: Worker (6/13): shaders left to compile 92
[2020.11.26-12.33.13:219][426]LogShaderCompilers: Display: Worker (12/13): shaders left to compile 91
[2020.11.26-12.33.13:282][431]LogShaderCompilers: Display: Worker (8/13): shaders left to compile 90
[2020.11.26-12.33.13:361][437]LogShaderCompilers: Display: Worker (11/13): shaders left to compile 89
[2020.11.26-12.33.13:414][441]LogShaderCompilers: Display: Worker (7/13): shaders left to compile 88
[2020.11.26-12.33.13:443][442]LogShaderCompilers: Display: Worker (1/13): shaders left to compile 87
[2020.11.26-12.33.13:443][442]LogShaderCompilers: Display: Worker (3/13): shaders left to compile 86
[2020.11.26-12.33.13:443][442]LogShaderCompilers: Display: Worker (2/13): shaders left to compile 85
[2020.11.26-12.33.13:492][446]LogShaderCompilers: Display: Worker (10/13): shaders left to compile 84
[2020.11.26-12.33.13:504][447]LogShaderCompilers: Display: Worker (9/13): shaders left to compile 83
[2020.11.26-12.33.13:544][450]LogShaderCompilers: Display: Worker (5/13): shaders left to compile 82
[2020.11.26-12.33.13:597][454]LogShaderCompilers: Display: Worker (4/13): shaders left to compile 81
[2020.11.26-12.33.13:608][455]LogShaderCompilers: Display: Worker (6/13): shaders left to compile 80
[2020.11.26-12.33.13:673][460]LogShaderCompilers: Display: Worker (11/13): shaders left to compile 79
[2020.11.26-12.33.13:687][461]LogShaderCompilers: Display: Worker (9/13): shaders left to compile 78
[2020.11.26-12.33.13:738][465]LogShaderCompilers: Display: Worker (8/13): shaders left to compile 77
[2020.11.26-12.33.13:763][467]LogShaderCompilers: Display: Worker (3/13): shaders left to compile 76
[2020.11.26-12.33.13:776][468]LogShaderCompilers: Display: Worker (2/13): shaders left to compile 75
[2020.11.26-12.33.13:803][470]LogShaderCompilers: Display: Worker (10/13): shaders left to compile 74
[2020.11.26-12.33.13:815][471]LogShaderCompilers: Display: Worker (12/13): shaders left to compile 73
[2020.11.26-12.33.13:862][475]LogShaderCompilers: Display: Worker (11/13): shaders left to compile 72
[2020.11.26-12.33.13:874][476]LogShaderCompilers: Display: Worker (5/13): shaders left to compile 71
[2020.11.26-12.33.13:890][477]LogSlate: Window 'Skin_Jade_Inst' being destroyed
[2020.11.26-12.33.13:895][477]LogSlate: Window 'Skin_Jade_Inst' being destroyed
[2020.11.26-12.33.13:962][477]LogShaderCompilers: Display: Worker (9/13): shaders left to compile 22
[2020.11.26-12.33.13:962][477]LogWorld: UWorld::CleanupWorld for World_1, bSessionEnded=true, bCleanupResources=true
[2020.11.26-12.33.13:962][477]LogSlate: InvalidateAllWidgets triggered.  All widgets were invalidated
[2020.11.26-12.33.14:031][477]LogShaderCompilers: Display: Worker (7/13): shaders left to compile 21
[2020.11.26-12.33.14:031][477]LogWorld: UWorld::CleanupWorld for World_2, bSessionEnded=true, bCleanupResources=true
[2020.11.26-12.33.14:031][477]LogSlate: InvalidateAllWidgets triggered.  All widgets were invalidated
[2020.11.26-12.33.14:080][480]LogShaderCompilers: Display: Worker (4/13): shaders left to compile 20
[2020.11.26-12.33.14:117][484]LogShaderCompilers: Display: Worker (5/13): shaders left to compile 19
[2020.11.26-12.33.14:152][488]LogShaderCompilers: Display: Worker (10/13): shaders left to compile 18
[2020.11.26-12.33.14:224][495]LogShaderCompilers: Display: Worker (9/13): shaders left to compile 17
[2020.11.26-12.33.14:257][497]LogShaderCompilers: Display: Worker (8/13): shaders left to compile 16
[2020.11.26-12.33.14:277][499]LogShaderCompilers: Display: Worker (1/13): shaders left to compile 15
[2020.11.26-12.33.14:324][500]LogShaderCompilers: Display: Worker (12/13): shaders left to compile 14
[2020.11.26-12.33.14:374][501]LogShaderCompilers: Display: Worker (7/13): shaders left to compile 13
[2020.11.26-12.33.14:374][501]LogShaderCompilers: Display: Worker (6/13): shaders left to compile 12
[2020.11.26-12.33.14:432][508]LogShaderCompilers: Display: Worker (4/13): shaders left to compile 11
[2020.11.26-12.33.14:513][516]LogShaderCompilers: Display: Worker (9/13): shaders left to compile 10
[2020.11.26-12.33.14:599][524]LogShaderCompilers: Display: Worker (3/13): shaders left to compile 9
[2020.11.26-12.33.14:617][526]LogShaderCompilers: Display: Worker (7/13): shaders left to compile 8
[2020.11.26-12.33.14:635][528]LogShaderCompilers: Display: Worker (8/13): shaders left to compile 7
[2020.11.26-12.33.14:644][529]LogShaderCompilers: Display: Worker (2/13): shaders left to compile 6
[2020.11.26-12.33.14:680][533]LogShaderCompilers: Display: Worker (10/13): shaders left to compile 5
[2020.11.26-12.33.14:697][535]LogShaderCompilers: Display: Worker (11/13): shaders left to compile 4
[2020.11.26-12.33.14:780][544]LogShaderCompilers: Display: Worker (4/13): shaders left to compile 3
[2020.11.26-12.33.14:799][546]LogShaderCompilers: Display: Worker (12/13): shaders left to compile 2
[2020.11.26-12.33.15:179][588]LogShaderCompilers: Display: Worker (12/13): shaders left to compile 1
[2020.11.26-12.35.44:611][161]LogAssetEditorSubsystem: Opening Asset editor for World /Game/VirtualRealityBP/Maps/StartupMap.StartupMap
[2020.11.26-12.35.44:627][161]LogUObjectHash: Compacting FUObjectHashTables data took   0.76ms
[2020.11.26-12.35.44:631][161]Cmd: MAP LOAD FILE="../../../../../../Users/Student 2020/Documents/GitHub/Shader/Content/VirtualRealityBP/Maps/StartupMap.umap" TEMPLATE=0 SHOWPROGRESS=1 FEATURELEVEL=3
[2020.11.26-12.35.44:631][161]LightingResults: New page: Lighting Build
[2020.11.26-12.35.44:632][161]LoadErrors: New page: Loading map: StartupMap.umap
[2020.11.26-12.35.44:664][161]LogWorld: UWorld::CleanupWorld for StartupMap, bSessionEnded=true, bCleanupResources=true
[2020.11.26-12.35.44:665][161]LogSlate: InvalidateAllWidgets triggered.  All widgets were invalidated
[2020.11.26-12.35.44:665][161]MapCheck: New page: Map Check
[2020.11.26-12.35.44:665][161]LightingResults: New page: Lighting Build
[2020.11.26-12.35.44:679][161]LogAISub: UAISubsystem::~UAISubsystem EnvQueryManager (0000023B56C5FE00), frame # 8161
[2020.11.26-12.35.44:679][161]LogAISub: UAISubsystem::~UAISubsystem AIPerceptionSystem (0000023B56CEAD40), frame # 8161
[2020.11.26-12.35.44:679][161]LogUObjectHash: Compacting FUObjectHashTables data took   0.61ms
[2020.11.26-12.35.44:685][161]LogAIModule: Creating AISystem for world StartupMap
[2020.11.26-12.35.44:685][161]LogAISub: UAISubsystem::UAISubsystem EnvQueryManager (0000023B7083DA00), frame # 8161
[2020.11.26-12.35.44:685][161]LogAISub: UAISubsystem::UAISubsystem AIPerceptionSystem (0000023B56CEA5C0), frame # 8161
[2020.11.26-12.35.44:687][161]LogEditorServer: Finished looking for orphan Actors (0.000 secs)
[2020.11.26-12.35.44:701][161]LogUObjectHash: Compacting FUObjectHashTables data took   0.56ms
[2020.11.26-12.35.44:743][161]Cmd: MAP CHECKDEP NOCLEARLOG
[2020.11.26-12.35.44:743][161]MapCheck: Map check complete: 0 Error(s), 0 Warning(s), took 0.124ms to complete.
[2020.11.26-12.35.44:743][161]LogFileHelpers: Loading map 'StartupMap' took 0.112
[2020.11.26-12.48.25:401][871]LogSlate: Window 'Source Control Login' being destroyed
[2020.11.26-12.48.31:557][510]SourceControl: fatal: C:/Program Files/Epic Games/UE_4.25/Engine/Content: 'C:/Program Files/Epic Games/UE_4.25/Engine/Content' is outside repository at 'C:/Users/Student 2020/Documents/GitHub/Shader'
[2020.11.26-12.48.31:557][510]SourceControl: fatal: C:/Program Files/Epic Games/UE_4.25/Engine/Plugins/2D/Paper2D/Content: 'C:/Program Files/Epic Games/UE_4.25/Engine/Plugins/2D/Paper2D/Content' is outside repository at 'C:/Users/Student 2020/Documents/GitHub/Shader'
[2020.11.26-12.48.31:557][510]SourceControl: fatal: C:/Program Files/Epic Games/UE_4.25/Engine/Plugins/Developer/AnimationSharing/Content: 'C:/Program Files/Epic Games/UE_4.25/Engine/Plugins/Developer/AnimationSharing/Content' is outside repository at 'C:/Users/Student 2020/Documents/GitHub/Shader'
[2020.11.26-12.48.31:557][510]SourceControl: fatal: C:/Program Files/Epic Games/UE_4.25/Engine/Plugins/Editor/GeometryMode/Content: 'C:/Program Files/Epic Games/UE_4.25/Engine/Plugins/Editor/GeometryMode/Content' is outside repository at 'C:/Users/Student 2020/Documents/GitHub/Shader'
[2020.11.26-12.48.31:557][510]SourceControl: fatal: C:/Program Files/Epic Games/UE_4.25/Engine/Plugins/Enterprise/DatasmithContent/Content: 'C:/Program Files/Epic Games/UE_4.25/Engine/Plugins/Enterprise/DatasmithContent/Content' is outside repository at 'C:/Users/Student 2020/Documents/GitHub/Shader'
[2020.11.26-12.48.31:557][510]SourceControl: fatal: C:/Program Files/Epic Games/UE_4.25/Engine/Plugins/Experimental/ChaosClothEditor/Content: 'C:/Program Files/Epic Games/UE_4.25/Engine/Plugins/Experimental/ChaosClothEditor/Content' is outside repository at 'C:/Users/Student 2020/Documents/GitHub/Shader'
[2020.11.26-12.48.31:557][510]SourceControl: fatal: C:/Program Files/Epic Games/UE_4.25/Engine/Plugins/Experimental/ChaosNiagara/Content: 'C:/Program Files/Epic Games/UE_4.25/Engine/Plugins/Experimental/ChaosNiagara/Content' is outside repository at 'C:/Users/Student 2020/Documents/GitHub/Shader'
[2020.11.26-12.48.31:557][510]SourceControl: fatal: C:/Program Files/Epic Games/UE_4.25/Engine/Plugins/Experimental/ChaosSolverPlugin/Content: 'C:/Program Files/Epic Games/UE_4.25/Engine/Plugins/Experimental/ChaosSolverPlugin/Content' is outside repository at 'C:/Users/Student 2020/Documents/GitHub/Shader'
[2020.11.26-12.48.31:557][510]SourceControl: fatal: C:/Program Files/Epic Games/UE_4.25/Engine/Plugins/Experimental/GeometryCollectionPlugin/Content: 'C:/Program Files/Epic Games/UE_4.25/Engine/Plugins/Experimental/GeometryCollectionPlugin/Content' is outside repository at 'C:/Users/Student 2020/Documents/GitHub/Shader'
[2020.11.26-12.48.31:557][510]SourceControl: fatal: C:/Program Files/Epic Games/UE_4.25/Engine/Plugins/Experimental/GeometryProcessing/Content: 'C:/Program Files/Epic Games/UE_4.25/Engine/Plugins/Experimental/GeometryProcessing/Content' is outside repository at 'C:/Users/Student 2020/Documents/GitHub/Shader'
[2020.11.26-12.48.31:557][510]SourceControl: fatal: C:/Program Files/Epic Games/UE_4.25/Engine/Plugins/FX/Niagara/Content: 'C:/Program Files/Epic Games/UE_4.25/Engine/Plugins/FX/Niagara/Content' is outside repository at 'C:/Users/Student 2020/Documents/GitHub/Shader'
[2020.11.26-12.48.31:557][510]SourceControl: fatal: C:/Program Files/Epic Games/UE_4.25/Engine/Plugins/Lumin/MagicLeap/Content: 'C:/Program Files/Epic Games/UE_4.25/Engine/Plugins/Lumin/MagicLeap/Content' is outside repository at 'C:/Users/Student 2020/Documents/GitHub/Shader'
[2020.11.26-12.48.31:557][510]SourceControl: fatal: C:/Program Files/Epic Games/UE_4.25/Engine/Plugins/Lumin/MagicLeapPassableWorld/Content: 'C:/Program Files/Epic Games/UE_4.25/Engine/Plugins/Lumin/MagicLeapPassableWorld/Content' is outside repository at 'C:/Users/Student 2020/Documents/GitHub/Shader'
[2020.11.26-12.48.31:557][510]SourceControl: fatal: C:/Program Files/Epic Games/UE_4.25/Engine/Plugins/Media/MediaCompositing/Content: 'C:/Program Files/Epic Games/UE_4.25/Engine/Plugins/Media/MediaCompositing/Content' is outside repository at 'C:/Users/Student 2020/Documents/GitHub/Shader'
[2020.11.26-12.48.31:557][510]SourceControl: fatal: C:/Program Files/Epic Games/UE_4.25/Engine/Plugins/MovieScene/MovieRenderPipeline/Content: 'C:/Program Files/Epic Games/UE_4.25/Engine/Plugins/MovieScene/MovieRenderPipeline/Content' is outside repository at 'C:/Users/Student 2020/Documents/GitHub/Shader'
[2020.11.26-12.48.31:557][510]SourceControl: fatal: C:/Program Files/Epic Games/UE_4.25/Engine/Plugins/Runtime/Oculus/OculusVR/Content: 'C:/Program Files/Epic Games/UE_4.25/Engine/Plugins/Runtime/Oculus/OculusVR/Content' is outside repository at 'C:/Users/Student 2020/Documents/GitHub/Shader'
[2020.11.26-12.48.31:557][510]SourceControl: fatal: C:/Program Files/Epic Games/UE_4.25/Engine/Plugins/Runtime/PostSplashScreen/Content: 'C:/Program Files/Epic Games/UE_4.25/Engine/Plugins/Runtime/PostSplashScreen/Content' is outside repository at 'C:/Users/Student 2020/Documents/GitHub/Shader'
[2020.11.26-12.48.31:557][510]SourceControl: fatal: C:/Program Files/Epic Games/UE_4.25/Engine/Plugins/Runtime/Steam/SteamVR/Content: 'C:/Program Files/Epic Games/UE_4.25/Engine/Plugins/Runtime/Steam/SteamVR/Content' is outside repository at 'C:/Users/Student 2020/Documents/GitHub/Shader'
[2020.11.26-12.48.43:838][510]LogSlate: Window 'Submit Files' being destroyed
[2020.11.26-12.52.51:961][400]LogEditorViewport: Clicking Background
